[2015-08-03T22:26:51.247Z]: log init
[2015-08-03T22:26:51.251Z]: max instances: 16
[2015-08-03T22:26:51.252Z]: 8314
[2015-08-03T22:26:56.112Z]: -------------------------------------------------
[2015-08-03T22:26:56.112Z]: Request parameters:
[2015-08-03T22:26:56.112Z]: action: visit
[2015-08-03T22:26:56.113Z]: get_content: 1
[2015-08-03T22:26:56.113Z]: keep_alive: 0
[2015-08-03T22:26:56.113Z]: proxy: http://195.25.101.237:80
[2015-08-03T22:26:56.113Z]: timeout: 5000
[2015-08-03T22:26:56.113Z]: return_on_timeout: 1
[2015-08-03T22:26:56.113Z]: user_agent: Mozilla/5.0 (Macintosh; Intel Mac OS X 10_8_5) AppleWebKit/536.30.1 (KHTML, like Gecko) Version/6.0.5 Safari/536.30.1
[2015-08-03T22:26:56.113Z]: url: http://waltonsun.com/events
[2015-08-03T22:26:56.113Z]: -------------------------------------------------
[2015-08-03T22:26:56.114Z]: new mfeddie called
[2015-08-03T22:26:56.279Z]: set phantom called
[2015-08-03T22:26:56.279Z]: has ph?
[2015-08-03T22:26:56.279Z]: [object Object]
[2015-08-03T22:26:56.279Z]: Creating browser instance with phantom pid 24755
[2015-08-03T22:26:56.280Z]: fn is visit
[2015-08-03T22:27:01.256Z]: There are 1 instances running with these PIDs:
[2015-08-03T22:27:01.256Z]: 24755, 
[2015-08-03T22:27:01.937Z]: A fatal error occurred: Unknown error ocurred while opening page at http://waltonsun.com/events.  Killing phantom process 24755
[2015-08-03T22:27:01.937Z]: Deleting browser instance with phantom pid 24755
[2015-08-03T22:27:01.937Z]: mfeddie responded with non-200 status 500
[2015-08-03T22:28:07.205Z]: log init
[2015-08-03T22:28:07.211Z]: max instances: 16
[2015-08-03T22:28:07.212Z]: 8314
[2015-08-03T22:28:15.025Z]: new mfeddie called
[2015-08-03T22:28:15.183Z]: set phantom called
[2015-08-03T22:28:15.184Z]: has ph?
[2015-08-03T22:28:15.184Z]: [object Object]
[2015-08-03T22:28:15.184Z]: Creating browser instance with phantom pid 24867
[2015-08-03T22:28:17.213Z]: There are 1 instances running with these PIDs:
[2015-08-03T22:28:17.214Z]: 24867, 
[2015-08-03T22:28:19.235Z]: mf_keep_alive = 0, killing phantom process 24867
[2015-08-03T22:28:19.236Z]: Deleting browser instance with phantom pid 24867
[2015-08-03T22:28:19.237Z]: mfeddie responded with non-200 status 403
[2015-08-03T22:28:42.645Z]: new mfeddie called
[2015-08-03T22:28:42.770Z]: set phantom called
[2015-08-03T22:28:42.770Z]: has ph?
[2015-08-03T22:28:42.770Z]: [object Object]
[2015-08-03T22:28:42.770Z]: Creating browser instance with phantom pid 24903
[2015-08-03T22:28:47.239Z]: There are 1 instances running with these PIDs:
[2015-08-03T22:28:47.239Z]: 24903, 
[2015-08-03T22:28:47.674Z]: request to http://waltonsun.com/events timed out.
[2015-08-03T22:28:47.675Z]: A fatal error occurred: Unknown error ocurred while opening page at http://waltonsun.com/events.  Killing phantom process 24903
[2015-08-03T22:28:47.675Z]: Deleting browser instance with phantom pid 24903
[2015-08-03T22:28:47.676Z]: mfeddie responded with non-200 status 500
[2015-08-03T22:28:52.631Z]: new mfeddie called
[2015-08-03T22:28:52.770Z]: set phantom called
[2015-08-03T22:28:52.770Z]: has ph?
[2015-08-03T22:28:52.770Z]: [object Object]
[2015-08-03T22:28:52.770Z]: Creating browser instance with phantom pid 24919
[2015-08-03T22:28:57.245Z]: There are 1 instances running with these PIDs:
[2015-08-03T22:28:57.245Z]: 24919, 
[2015-08-03T22:28:57.673Z]: request to http://waltonsun.com/events timed out.
[2015-08-03T22:28:57.674Z]: A fatal error occurred: Unknown error ocurred while opening page at http://waltonsun.com/events.  Killing phantom process 24919
[2015-08-03T22:28:57.674Z]: Deleting browser instance with phantom pid 24919
[2015-08-03T22:28:57.675Z]: mfeddie responded with non-200 status 500
[2015-08-03T22:29:00.766Z]: new mfeddie called
[2015-08-03T22:29:00.891Z]: set phantom called
[2015-08-03T22:29:00.891Z]: has ph?
[2015-08-03T22:29:00.891Z]: [object Object]
[2015-08-03T22:29:00.892Z]: Creating browser instance with phantom pid 24933
[2015-08-03T22:29:02.247Z]: There are 1 instances running with these PIDs:
[2015-08-03T22:29:02.247Z]: 24933, 
[2015-08-03T22:29:07.247Z]: There are 1 instances running with these PIDs:
[2015-08-03T22:29:07.248Z]: 24933, 
[2015-08-03T22:29:11.917Z]: request to http://70.184.45.103:6009/axis-cgi/mjpg/video.cgi timed out.
[2015-08-03T22:29:12.248Z]: There are 1 instances running with these PIDs:
[2015-08-03T22:29:12.248Z]: 24933, 
[2015-08-03T22:29:15.349Z]: mf_keep_alive = 0, killing phantom process 24933
[2015-08-03T22:29:15.349Z]: Deleting browser instance with phantom pid 24933
[2015-08-03T22:29:15.350Z]: mfeddie responded with non-200 status 301
[2015-08-03T22:29:15.374Z]: new mfeddie called
[2015-08-03T22:29:15.544Z]: set phantom called
[2015-08-03T22:29:15.545Z]: has ph?
[2015-08-03T22:29:15.545Z]: [object Object]
[2015-08-03T22:29:15.545Z]: Creating browser instance with phantom pid 24949
[2015-08-03T22:29:17.249Z]: There are 1 instances running with these PIDs:
[2015-08-03T22:29:17.249Z]: 24949, 
[2015-08-03T22:29:22.249Z]: There are 1 instances running with these PIDs:
[2015-08-03T22:29:22.249Z]: 24949, 
[2015-08-03T22:29:25.698Z]: request to http://70.184.45.103:6009/axis-cgi/mjpg/video.cgi timed out.
[2015-08-03T22:29:27.249Z]: There are 1 instances running with these PIDs:
[2015-08-03T22:29:27.249Z]: 24949, 
[2015-08-03T22:29:27.809Z]: mf_keep_alive = 0, killing phantom process 24949
[2015-08-03T22:29:27.809Z]: Deleting browser instance with phantom pid 24949
[2015-08-03T22:29:27.810Z]: mfeddie responded with non-200 status 301
[2015-08-03T22:29:27.830Z]: new mfeddie called
[2015-08-03T22:29:28.033Z]: set phantom called
[2015-08-03T22:29:28.033Z]: has ph?
[2015-08-03T22:29:28.033Z]: [object Object]
[2015-08-03T22:29:28.033Z]: Creating browser instance with phantom pid 24978
[2015-08-03T22:29:32.249Z]: 24978, 
[2015-08-03T22:29:32.249Z]: There are 1 instances running with these PIDs:
[2015-08-03T22:29:37.251Z]: There are 1 instances running with these PIDs:
[2015-08-03T22:29:37.251Z]: 24978, 
[2015-08-03T22:29:38.508Z]: request to http://70.184.45.103:6009/axis-cgi/mjpg/video.cgi timed out.
[2015-08-03T22:29:42.207Z]: mf_keep_alive = 0, killing phantom process 24978
[2015-08-03T22:29:42.207Z]: Deleting browser instance with phantom pid 24978
[2015-08-03T22:29:42.208Z]: mfeddie responded with non-200 status 301
[2015-08-03T22:29:42.236Z]: new mfeddie called
[2015-08-03T22:29:42.449Z]: set phantom called
[2015-08-03T22:29:42.449Z]: has ph?
[2015-08-03T22:29:42.449Z]: [object Object]
[2015-08-03T22:29:42.449Z]: Creating browser instance with phantom pid 25001
[2015-08-03T22:29:47.321Z]: There are 1 instances running with these PIDs:
[2015-08-03T22:29:47.321Z]: 25001, 
[2015-08-03T22:29:52.321Z]: There are 1 instances running with these PIDs:
[2015-08-03T22:29:52.321Z]: 25001, 
[2015-08-03T22:29:52.672Z]: request to http://70.184.45.103:6009/axis-cgi/mjpg/video.cgi timed out.
[2015-08-03T22:29:54.579Z]: mf_keep_alive = 0, killing phantom process 25001
[2015-08-03T22:29:54.579Z]: Deleting browser instance with phantom pid 25001
[2015-08-03T22:29:54.580Z]: mfeddie responded with non-200 status 301
[2015-08-03T22:29:54.667Z]: new mfeddie called
[2015-08-03T22:29:54.835Z]: set phantom called
[2015-08-03T22:29:54.835Z]: has ph?
[2015-08-03T22:29:54.835Z]: [object Object]
[2015-08-03T22:29:54.835Z]: Creating browser instance with phantom pid 25031
[2015-08-03T22:29:57.321Z]: There are 1 instances running with these PIDs:
[2015-08-03T22:29:57.322Z]: 25031, 
[2015-08-03T22:30:02.322Z]: There are 1 instances running with these PIDs:
[2015-08-03T22:30:02.322Z]: 25031, 
[2015-08-03T22:30:04.672Z]: request to http://70.184.45.103:6009/axis-cgi/mjpg/video.cgi timed out.
[2015-08-03T22:30:07.323Z]: There are 1 instances running with these PIDs:
[2015-08-03T22:30:07.323Z]: 25031, 
[2015-08-03T22:30:10.347Z]: mf_keep_alive = 0, killing phantom process 25031
[2015-08-03T22:30:10.347Z]: Deleting browser instance with phantom pid 25031
[2015-08-03T22:30:10.349Z]: mfeddie responded with non-200 status 301
[2015-08-03T22:30:10.374Z]: new mfeddie called
[2015-08-03T22:30:10.624Z]: set phantom called
[2015-08-03T22:30:10.624Z]: has ph?
[2015-08-03T22:30:10.624Z]: [object Object]
[2015-08-03T22:30:10.624Z]: Creating browser instance with phantom pid 25054
[2015-08-03T22:30:12.324Z]: There are 1 instances running with these PIDs:
[2015-08-03T22:30:12.324Z]: 25054, 
[2015-08-03T22:30:17.324Z]: There are 1 instances running with these PIDs:
[2015-08-03T22:30:17.325Z]: 25054, 
[2015-08-03T22:30:20.672Z]: request to http://70.184.45.103:6009/axis-cgi/mjpg/video.cgi timed out.
[2015-08-03T22:30:22.326Z]: There are 1 instances running with these PIDs:
[2015-08-03T22:30:22.326Z]: 25054, 
[2015-08-03T22:30:22.869Z]: mf_keep_alive = 0, killing phantom process 25054
[2015-08-03T22:30:22.869Z]: Deleting browser instance with phantom pid 25054
[2015-08-03T22:30:22.871Z]: mfeddie responded with non-200 status 301
[2015-08-03T22:30:22.890Z]: new mfeddie called
[2015-08-03T22:30:23.136Z]: set phantom called
[2015-08-03T22:30:23.136Z]: has ph?
[2015-08-03T22:30:23.136Z]: [object Object]
[2015-08-03T22:30:23.136Z]: Creating browser instance with phantom pid 25086
[2015-08-03T22:30:27.326Z]: There are 1 instances running with these PIDs:
[2015-08-03T22:30:27.326Z]: 25086, 
[2015-08-03T22:30:32.328Z]: 25086, 
[2015-08-03T22:30:32.328Z]: There are 1 instances running with these PIDs:
[2015-08-03T22:30:32.894Z]: request to http://70.184.45.103:6009/axis-cgi/mjpg/video.cgi timed out.
[2015-08-03T22:30:35.292Z]: mf_keep_alive = 0, killing phantom process 25086
[2015-08-03T22:30:35.293Z]: Deleting browser instance with phantom pid 25086
[2015-08-03T22:30:35.293Z]: mfeddie responded with non-200 status 301
[2015-08-03T22:30:35.310Z]: new mfeddie called
[2015-08-03T22:30:35.502Z]: set phantom called
[2015-08-03T22:30:35.502Z]: has ph?
[2015-08-03T22:30:35.502Z]: [object Object]
[2015-08-03T22:30:35.502Z]: Creating browser instance with phantom pid 25106
[2015-08-03T22:30:37.328Z]: There are 1 instances running with these PIDs:
[2015-08-03T22:30:37.328Z]: 25106, 
[2015-08-03T22:30:42.328Z]: There are 1 instances running with these PIDs:
[2015-08-03T22:30:42.328Z]: 25106, 
[2015-08-03T22:30:45.678Z]: request to http://70.184.45.103:6009/axis-cgi/mjpg/video.cgi timed out.
[2015-08-03T22:30:47.386Z]: mf_keep_alive = 0, killing phantom process 25106
[2015-08-03T22:30:47.387Z]: Deleting browser instance with phantom pid 25106
[2015-08-03T22:30:47.387Z]: mfeddie responded with non-200 status 301
[2015-08-03T22:31:17.227Z]: new mfeddie called
[2015-08-03T22:31:17.416Z]: set phantom called
[2015-08-03T22:31:17.416Z]: has ph?
[2015-08-03T22:31:17.416Z]: [object Object]
[2015-08-03T22:31:17.416Z]: Creating browser instance with phantom pid 25144
[2015-08-03T22:31:17.427Z]: There are 1 instances running with these PIDs:
[2015-08-03T22:31:17.427Z]: 25144, 
[2015-08-03T22:31:22.428Z]: There are 1 instances running with these PIDs:
[2015-08-03T22:31:22.428Z]: 25144, 
[2015-08-03T22:31:25.748Z]: request to http://www.waltonsun.com/js/jquery-1.3.1.min.js timed out.
[2015-08-03T22:31:25.784Z]: request to http://www.waltonsun.com/js/membership.js timed out.
[2015-08-03T22:31:25.784Z]: request to http://www.waltonsun.com/js/jquery.lightbox-0.5.js timed out.
[2015-08-03T22:31:25.785Z]: request to http://www.waltonsun.com/hmg/js/library.js timed out.
[2015-08-03T22:31:25.785Z]: request to http://www.waltonsun.com/hmg/js/yldManager.js timed out.
[2015-08-03T22:31:25.785Z]: request to http://www.waltonsun.com/hmg/js/utility.js timed out.
[2015-08-03T22:31:25.828Z]: request to http://www.waltonsun.com/hmg/js/hoverIntent.js timed out.
[2015-08-03T22:31:25.829Z]: request to http://www.waltonsun.com/hmg/js/superfish.js timed out.
[2015-08-03T22:31:25.829Z]: request to http://www.waltonsun.com/js/jcarousellite_1.0.1.min.js timed out.
[2015-08-03T22:31:25.830Z]: request to http://www.waltonsun.com/css/greenfield/ui_tabs.css timed out.
[2015-08-03T22:31:25.830Z]: request to http://www.waltonsun.com/js/jquery-ui-tabs-1.5.packed.js timed out.
[2015-08-03T22:31:25.831Z]: request to http://www.waltonsun.com/cmlink/wsun-custom-7.386 timed out.
[2015-08-03T22:31:25.833Z]: request to http://www.waltonsun.com/hmg/css/search.css timed out.
[2015-08-03T22:31:26.672Z]: request to http://www.waltonsun.com/js/site-min.js timed out.
[2015-08-03T22:31:26.672Z]: request to http://www.waltonsun.com/hmg/js/s_code.js timed out.
[2015-08-03T22:31:26.672Z]: request to http://www.waltonsun.com/hmg/js/omniture.js timed out.
[2015-08-03T22:31:27.429Z]: There are 1 instances running with these PIDs:
[2015-08-03T22:31:27.429Z]: 25144, 
[2015-08-03T22:31:32.429Z]: There are 1 instances running with these PIDs:
[2015-08-03T22:31:32.429Z]: 25144, 
[2015-08-03T22:31:37.429Z]: There are 1 instances running with these PIDs:
[2015-08-03T22:31:37.430Z]: 25144, 
[2015-08-03T22:31:37.693Z]: request to http://lps.newsinc.com/player/show/91771/29482/0/0/3/15?d=1438641092939&insid=63865e5d-3a2f-11e5-9e05-125043a4bc2d&uut=63865e4e-3a2f-11e5-9e05-125043a4bc2d&embedIndex=0&ver=82&benv=&embedOriginUrl=http%3A%2F%2Fwww.waltonsun.com%2Fevents%23%2F32459-santa-rosa-beach%2Fall%2Ftoday&callback=jQuery191027387349191121757_1438641085776&_=1438641085777 timed out.
[2015-08-03T22:31:41.340Z]: mf_keep_alive = 0, killing phantom process 25144
[2015-08-03T22:31:41.341Z]: Deleting browser instance with phantom pid 25144
[2015-08-03T22:31:41.342Z]: mfeddie responded with non-200 status 301
[2015-08-03T22:31:41.361Z]: new mfeddie called
[2015-08-03T22:31:41.568Z]: set phantom called
[2015-08-03T22:31:41.568Z]: has ph?
[2015-08-03T22:31:41.568Z]: [object Object]
[2015-08-03T22:31:41.569Z]: Creating browser instance with phantom pid 25197
[2015-08-03T22:31:42.430Z]: There are 1 instances running with these PIDs:
[2015-08-03T22:31:42.430Z]: 25197, 
[2015-08-03T22:31:47.431Z]: There are 1 instances running with these PIDs:
[2015-08-03T22:31:47.431Z]: 25197, 
[2015-08-03T22:31:49.689Z]: request to http://www.waltonsun.com/hmg/js/library.js timed out.
[2015-08-03T22:31:49.690Z]: request to http://www.waltonsun.com/hmg/js/utility.js timed out.
[2015-08-03T22:31:49.690Z]: request to http://www.waltonsun.com/hmg/js/hoverIntent.js timed out.
[2015-08-03T22:31:49.690Z]: request to http://www.waltonsun.com/hmg/js/superfish.js timed out.
[2015-08-03T22:31:49.691Z]: request to http://www.waltonsun.com/js/jcarousellite_1.0.1.min.js timed out.
[2015-08-03T22:31:49.692Z]: request to http://www.waltonsun.com/css/greenfield/ui_tabs.css timed out.
[2015-08-03T22:31:49.692Z]: request to http://www.waltonsun.com/js/jquery-ui-tabs-1.5.packed.js timed out.
[2015-08-03T22:31:49.693Z]: request to http://www.waltonsun.com/cmlink/wsun-custom-7.386 timed out.
[2015-08-03T22:31:49.695Z]: request to http://www.waltonsun.com/hmg/css/search.css timed out.
[2015-08-03T22:31:49.725Z]: request to http://www.waltonsun.com/js/site-min.js timed out.
[2015-08-03T22:31:49.726Z]: request to http://www.waltonsun.com/hmg/js/s_code.js timed out.
[2015-08-03T22:31:49.726Z]: request to http://www.waltonsun.com/hmg/js/omniture.js timed out.
[2015-08-03T22:31:52.431Z]: There are 1 instances running with these PIDs:
[2015-08-03T22:31:52.431Z]: 25197, 
[2015-08-03T22:31:54.671Z]: request to http://dmp.pro.cn/js?pid=559f388fd2dda76e8fde8b0b&mac= timed out.
[2015-08-03T22:31:56.747Z]: request to http://calendarapi-cdn.spingo.com/v1/events/premier?auth_token=c9246ef90603eda11137b2529e91fc12c9f387aa9f424aa9a2bbb197af8d0070 timed out.
[2015-08-03T22:31:57.431Z]: There are 1 instances running with these PIDs:
[2015-08-03T22:31:57.431Z]: 25197, 
[2015-08-03T22:31:59.650Z]: request to http://images.spingo.com/i/live-image-service/kX/zj/5RFUylgtuPqtKY1RrC0NX2T9BiWNjBCBGepq14Q timed out.
[2015-08-03T22:32:02.431Z]: There are 1 instances running with these PIDs:
[2015-08-03T22:32:02.432Z]: 25197, 
[2015-08-03T22:32:05.683Z]: request to http://www.google.com/ads/measurement/l?ebcid=ALh7CaQfCPzlYhWQF2SFM0AoxbX3Bkvfz4EszHxlB_OWBVQeua3rDXdbk1YxvE-RQXXG_JwOGqDY-pS4Tdmkis2LrFGevu4Xcw timed out.
[2015-08-03T22:32:07.385Z]: mf_keep_alive = 0, killing phantom process 25197
[2015-08-03T22:32:07.385Z]: Deleting browser instance with phantom pid 25197
[2015-08-03T22:32:07.385Z]: mfeddie responded with non-200 status 301
[2015-08-03T22:32:07.403Z]: new mfeddie called
[2015-08-03T22:32:07.638Z]: set phantom called
[2015-08-03T22:32:07.638Z]: has ph?
[2015-08-03T22:32:07.638Z]: [object Object]
[2015-08-03T22:32:07.638Z]: Creating browser instance with phantom pid 25222
[2015-08-03T22:32:12.521Z]: There are 1 instances running with these PIDs:
[2015-08-03T22:32:12.521Z]: 25222, 
[2015-08-03T22:32:17.521Z]: There are 1 instances running with these PIDs:
[2015-08-03T22:32:17.522Z]: 25222, 
[2015-08-03T22:32:17.698Z]: request to http://www.waltonsun.com/hmg/js/library.js timed out.
[2015-08-03T22:32:17.698Z]: request to http://www.waltonsun.com/hmg/js/utility.js timed out.
[2015-08-03T22:32:17.699Z]: request to http://www.waltonsun.com/hmg/js/hoverIntent.js timed out.
[2015-08-03T22:32:17.699Z]: request to http://www.waltonsun.com/hmg/js/superfish.js timed out.
[2015-08-03T22:32:17.699Z]: request to http://www.waltonsun.com/js/jcarousellite_1.0.1.min.js timed out.
[2015-08-03T22:32:17.700Z]: request to http://www.waltonsun.com/css/greenfield/ui_tabs.css timed out.
[2015-08-03T22:32:17.700Z]: request to http://www.waltonsun.com/js/jquery-ui-tabs-1.5.packed.js timed out.
[2015-08-03T22:32:17.701Z]: request to http://www.waltonsun.com/cmlink/wsun-custom-7.386 timed out.
[2015-08-03T22:32:17.702Z]: request to http://www.waltonsun.com/hmg/css/search.css timed out.
[2015-08-03T22:32:17.708Z]: request to http://www.waltonsun.com/js/site-min.js timed out.
[2015-08-03T22:32:17.709Z]: request to http://www.waltonsun.com/hmg/js/s_code.js timed out.
[2015-08-03T22:32:17.709Z]: request to http://www.waltonsun.com/hmg/js/omniture.js timed out.
[2015-08-03T22:32:22.522Z]: There are 1 instances running with these PIDs:
[2015-08-03T22:32:22.522Z]: 25222, 
[2015-08-03T22:32:22.672Z]: request to http://cdn.taboola.com/libtrc/nytrng-network/loader.js timed out.
[2015-08-03T22:32:27.522Z]: There are 1 instances running with these PIDs:
[2015-08-03T22:32:27.523Z]: 25222, 
[2015-08-03T22:32:28.645Z]: mf_keep_alive = 0, killing phantom process 25222
[2015-08-03T22:32:28.645Z]: Deleting browser instance with phantom pid 25222
[2015-08-03T22:32:28.646Z]: mfeddie responded with non-200 status 301
[2015-08-03T22:32:28.662Z]: new mfeddie called
[2015-08-03T22:32:28.899Z]: set phantom called
[2015-08-03T22:32:28.899Z]: has ph?
[2015-08-03T22:32:28.899Z]: [object Object]
[2015-08-03T22:32:28.899Z]: Creating browser instance with phantom pid 25259
[2015-08-03T22:32:32.524Z]: There are 1 instances running with these PIDs:
[2015-08-03T22:32:32.524Z]: 25259, 
[2015-08-03T22:32:36.704Z]: request to http://www.waltonsun.com/hmg/css/hmg_global.css timed out.
[2015-08-03T22:32:36.705Z]: request to http://www.waltonsun.com/js/yui/utilities.js timed out.
[2015-08-03T22:32:36.705Z]: request to http://www.waltonsun.com/js/jquery-1.3.1.min.js timed out.
[2015-08-03T22:32:36.705Z]: request to http://www.waltonsun.com/js/jquery-ui-core-1.5.packed.js timed out.
[2015-08-03T22:32:36.706Z]: request to http://www.waltonsun.com/js/swfobject.js timed out.
[2015-08-03T22:32:36.706Z]: request to http://www.waltonsun.com/hmg/js/poll.js timed out.
[2015-08-03T22:32:36.706Z]: request to http://www.waltonsun.com/js/jquery.polopoly.js timed out.
[2015-08-03T22:32:36.706Z]: request to http://www.waltonsun.com/js/jquery.validate-1.5.1.min.js timed out.
[2015-08-03T22:32:36.706Z]: request to http://www.waltonsun.com/js/membership.js timed out.
[2015-08-03T22:32:36.707Z]: request to http://www.waltonsun.com/js/blog.js timed out.
[2015-08-03T22:32:36.707Z]: request to http://www.waltonsun.com/js/jquery.lightbox-0.5.js timed out.
[2015-08-03T22:32:36.707Z]: request to http://www.waltonsun.com/hmg/js/library.js timed out.
[2015-08-03T22:32:36.707Z]: request to http://www.waltonsun.com/hmg/js/yldManager.js timed out.
[2015-08-03T22:32:36.707Z]: request to http://www.waltonsun.com/hmg/js/utility.js timed out.
[2015-08-03T22:32:36.708Z]: request to http://www.waltonsun.com/hmg/js/hoverIntent.js timed out.
[2015-08-03T22:32:36.708Z]: request to http://www.waltonsun.com/hmg/js/superfish.js timed out.
[2015-08-03T22:32:36.708Z]: request to http://www.waltonsun.com/js/jcarousellite_1.0.1.min.js timed out.
[2015-08-03T22:32:36.709Z]: request to http://www.waltonsun.com/css/greenfield/ui_tabs.css timed out.
[2015-08-03T22:32:36.709Z]: request to http://www.waltonsun.com/js/jquery-ui-tabs-1.5.packed.js timed out.
[2015-08-03T22:32:36.710Z]: request to http://www.waltonsun.com/cmlink/wsun-custom-7.386 timed out.
[2015-08-03T22:32:36.756Z]: request to http://www.waltonsun.com/hmg/css/search.css timed out.
[2015-08-03T22:32:36.776Z]: request to http://waltonsun.spingo.com/list-widget.js timed out.
[2015-08-03T22:32:37.524Z]: There are 1 instances running with these PIDs:
[2015-08-03T22:32:37.524Z]: 25259, 
[2015-08-03T22:32:37.545Z]: request to http://www.waltonsun.com/js/site-min.js timed out.
[2015-08-03T22:32:37.546Z]: request to http://www.waltonsun.com/hmg/js/s_code.js timed out.
[2015-08-03T22:32:37.546Z]: request to http://www.waltonsun.com/hmg/js/omniture.js timed out.
[2015-08-03T22:32:42.524Z]: There are 1 instances running with these PIDs:
[2015-08-03T22:32:42.525Z]: 25259, 
[2015-08-03T22:32:44.693Z]: request to http://d16twqtnxc0kgx.cloudfront.net/apps/calendar-ui/v3.6.10/fonts/spingo.ttf timed out.
[2015-08-03T22:32:45.672Z]: request to http://nwfhalifax.com/openx/www/delivery/lg.php?bannerid=137&campaignid=140&zoneid=93&loc=1&referer=http%3A%2F%2F142.4.11.108%2F~nwfhalif%2FiFramedContent%2Ftextlinks%2FETL%2Fetl.html&cb=17a805a8b6 timed out.
[2015-08-03T22:32:47.525Z]: There are 1 instances running with these PIDs:
[2015-08-03T22:32:47.525Z]: 25259, 
[2015-08-03T22:32:48.962Z]: mf_keep_alive = 0, killing phantom process 25259
[2015-08-03T22:32:48.962Z]: Deleting browser instance with phantom pid 25259
[2015-08-03T22:32:48.963Z]: mfeddie responded with non-200 status 301
[2015-08-03T22:32:48.981Z]: new mfeddie called
[2015-08-03T22:32:49.218Z]: set phantom called
[2015-08-03T22:32:49.218Z]: has ph?
[2015-08-03T22:32:49.218Z]: [object Object]
[2015-08-03T22:32:49.219Z]: Creating browser instance with phantom pid 25286
[2015-08-03T22:32:52.526Z]: There are 1 instances running with these PIDs:
[2015-08-03T22:32:52.527Z]: 25286, 
[2015-08-03T22:32:56.689Z]: request to http://www.waltonsun.com/js/membership.js timed out.
[2015-08-03T22:32:56.689Z]: request to http://www.waltonsun.com/js/blog.js timed out.
[2015-08-03T22:32:56.689Z]: request to http://www.waltonsun.com/js/jquery.lightbox-0.5.js timed out.
[2015-08-03T22:32:56.689Z]: request to http://www.waltonsun.com/hmg/js/library.js timed out.
[2015-08-03T22:32:56.689Z]: request to http://www.waltonsun.com/hmg/js/yldManager.js timed out.
[2015-08-03T22:32:56.690Z]: request to http://www.waltonsun.com/hmg/js/utility.js timed out.
[2015-08-03T22:32:56.690Z]: request to http://www.waltonsun.com/hmg/js/hoverIntent.js timed out.
[2015-08-03T22:32:56.690Z]: request to http://www.waltonsun.com/hmg/js/superfish.js timed out.
[2015-08-03T22:32:56.690Z]: request to http://www.waltonsun.com/js/jcarousellite_1.0.1.min.js timed out.
[2015-08-03T22:32:56.691Z]: request to http://www.waltonsun.com/css/greenfield/ui_tabs.css timed out.
[2015-08-03T22:32:56.691Z]: request to http://www.waltonsun.com/js/jquery-ui-tabs-1.5.packed.js timed out.
[2015-08-03T22:32:56.692Z]: request to http://www.waltonsun.com/cmlink/wsun-custom-7.386 timed out.
[2015-08-03T22:32:56.693Z]: request to http://www.waltonsun.com/hmg/css/search.css timed out.
[2015-08-03T22:32:57.486Z]: request to http://www.waltonsun.com/js/site-min.js timed out.
[2015-08-03T22:32:57.488Z]: request to http://www.waltonsun.com/hmg/js/s_code.js timed out.
[2015-08-03T22:32:57.489Z]: request to http://www.waltonsun.com/hmg/js/omniture.js timed out.
[2015-08-03T22:32:57.527Z]: There are 1 instances running with these PIDs:
[2015-08-03T22:32:57.527Z]: 25286, 
[2015-08-03T22:33:02.528Z]: There are 1 instances running with these PIDs:
[2015-08-03T22:33:02.528Z]: 25286, 
[2015-08-03T22:33:04.587Z]: request to http://calendarapi-cdn.spingo.com/v1/events/premier?auth_token=c9246ef90603eda11137b2529e91fc12c9f387aa9f424aa9a2bbb197af8d0070 timed out.
[2015-08-03T22:33:04.588Z]: request to http://calendarapi-cdn.spingo.com/v1/events?auth_token=c9246ef90603eda11137b2529e91fc12c9f387aa9f424aa9a2bbb197af8d0070&limit=25&date=2015-08-03T22:32 timed out.
[2015-08-03T22:33:06.673Z]: request to http://images.spingo.com/image/live_extrasSrc/140917/183853_5419d53da3c4a.png?width=320&height=180 timed out.
[2015-08-03T22:33:06.673Z]: request to http://images.spingo.com/i/live-image-service/fx/9Y/mey9uc-DO1TNrREZnu9PJCNLIcB_KC9jGzEnROA?width=320&height=180 timed out.
[2015-08-03T22:33:06.673Z]: request to http://images.spingo.com/image/live_extrasSrc/140917/180958_5419ce76ea9ca.png?width=320&height=180 timed out.
[2015-08-03T22:33:07.528Z]: There are 1 instances running with these PIDs:
[2015-08-03T22:33:07.529Z]: 25286, 
[2015-08-03T22:33:09.641Z]: mf_keep_alive = 0, killing phantom process 25286
[2015-08-03T22:33:09.641Z]: Deleting browser instance with phantom pid 25286
[2015-08-03T22:33:09.641Z]: mfeddie responded with non-200 status 301
[2015-08-03T22:33:09.658Z]: new mfeddie called
[2015-08-03T22:33:09.887Z]: set phantom called
[2015-08-03T22:33:09.887Z]: has ph?
[2015-08-03T22:33:09.887Z]: [object Object]
[2015-08-03T22:33:09.887Z]: Creating browser instance with phantom pid 25295
[2015-08-03T22:37:45.489Z]: log init
[2015-08-03T22:37:45.494Z]: max instances: 16
[2015-08-03T22:37:45.494Z]: 8314
[2015-08-03T22:37:49.676Z]: new mfeddie called
[2015-08-03T22:37:49.834Z]: set phantom called
[2015-08-03T22:37:49.834Z]: has ph?
[2015-08-03T22:37:49.834Z]: [object Object]
[2015-08-03T22:37:49.834Z]: Creating browser instance with phantom pid 25493
[2015-08-03T22:37:50.495Z]: There are 1 instances running with these PIDs:
[2015-08-03T22:37:50.495Z]: 25493, 
[2015-08-03T22:37:55.500Z]: There are 1 instances running with these PIDs:
[2015-08-03T22:37:55.500Z]: 25493, 
[2015-08-03T22:37:56.672Z]: request to http://www.waltonsun.com/events timed out.
[2015-08-03T22:37:57.992Z]: mf_keep_alive = 0, killing phantom process 25493
[2015-08-03T22:37:57.992Z]: Deleting browser instance with phantom pid 25493
[2015-08-03T22:37:57.994Z]: mfeddie responded with non-200 status 301
[2015-08-03T22:37:58.011Z]: new mfeddie called
[2015-08-03T22:37:58.148Z]: set phantom called
[2015-08-03T22:37:58.148Z]: has ph?
[2015-08-03T22:37:58.149Z]: [object Object]
[2015-08-03T22:37:58.149Z]: Creating browser instance with phantom pid 25503
[2015-08-03T22:38:00.501Z]: There are 1 instances running with these PIDs:
[2015-08-03T22:38:00.501Z]: 25503, 
[2015-08-03T22:38:04.626Z]: request to http://www.waltonsun.com/events timed out.
[2015-08-03T22:38:04.775Z]: mf_keep_alive = 0, killing phantom process 25503
[2015-08-03T22:38:04.775Z]: Deleting browser instance with phantom pid 25503
[2015-08-03T22:38:04.776Z]: mfeddie responded with non-200 status 301
[2015-08-03T22:38:04.781Z]: new mfeddie called
[2015-08-03T22:38:04.920Z]: set phantom called
[2015-08-03T22:38:04.920Z]: has ph?
[2015-08-03T22:38:04.920Z]: [object Object]
[2015-08-03T22:38:04.920Z]: Creating browser instance with phantom pid 25513
[2015-08-03T22:38:05.503Z]: There are 1 instances running with these PIDs:
[2015-08-03T22:38:05.503Z]: 25513, 
[2015-08-03T22:38:10.504Z]: There are 1 instances running with these PIDs:
[2015-08-03T22:38:10.505Z]: 25513, 
[2015-08-03T22:38:11.541Z]: mf_keep_alive = 0, killing phantom process 25513
[2015-08-03T22:38:11.541Z]: Deleting browser instance with phantom pid 25513
[2015-08-03T22:38:11.545Z]: mfeddie responded with non-200 status 301
[2015-08-03T22:38:11.548Z]: mf_keep_alive = 0, killing phantom process 25513
[2015-08-03T22:38:11.548Z]: error while deleting phantom process 25513: process not found
[2015-08-03T22:38:11.549Z]: error while deciding fate of phantom process: false
[2015-08-03T22:38:11.549Z]: mfeddie responded with non-200 status 301
[2015-08-03T22:38:11.551Z]: new mfeddie called
[2015-08-03T22:38:11.683Z]: set phantom called
[2015-08-03T22:38:11.683Z]: has ph?
[2015-08-03T22:38:11.683Z]: [object Object]
[2015-08-03T22:38:11.684Z]: Creating browser instance with phantom pid 25524
[2015-08-03T22:38:15.506Z]: There are 1 instances running with these PIDs:
[2015-08-03T22:38:15.506Z]: 25524, 
[2015-08-03T22:38:19.673Z]: request to http://www.waltonsun.com/events timed out.
[2015-08-03T22:38:19.675Z]: A fatal error occurred: Unknown error ocurred while opening page at http://waltonsun.com/events.  Killing phantom process 25524
[2015-08-03T22:38:19.675Z]: Deleting browser instance with phantom pid 25524
[2015-08-03T22:38:19.680Z]: mfeddie responded with non-200 status 500
[2015-08-03T22:39:28.339Z]: log init
[2015-08-03T22:39:28.344Z]: max instances: 16
[2015-08-03T22:39:28.344Z]: 8314
[2015-08-03T22:39:31.919Z]: new mfeddie called
[2015-08-03T22:39:32.069Z]: set phantom called
[2015-08-03T22:39:32.069Z]: has ph?
[2015-08-03T22:39:32.069Z]: [object Object]
[2015-08-03T22:39:32.069Z]: Creating browser instance with phantom pid 25603
[2015-08-03T22:39:33.345Z]: There are 1 instances running with these PIDs:
[2015-08-03T22:39:33.345Z]: 25603, 
[2015-08-03T22:39:34.188Z]: mf_keep_alive = 0, killing phantom process 25603
[2015-08-03T22:39:34.188Z]: Deleting browser instance with phantom pid 25603
[2015-08-03T22:39:34.189Z]: mfeddie responded with non-200 status 502
[2015-08-03T22:39:50.750Z]: new mfeddie called
[2015-08-03T22:39:50.894Z]: set phantom called
[2015-08-03T22:39:50.894Z]: has ph?
[2015-08-03T22:39:50.894Z]: [object Object]
[2015-08-03T22:39:50.894Z]: Creating browser instance with phantom pid 25644
[2015-08-03T22:39:53.357Z]: There are 1 instances running with these PIDs:
[2015-08-03T22:39:53.357Z]: 25644, 
[2015-08-03T22:39:57.506Z]: request to http://www.waltonsun.com/events timed out.
[2015-08-03T22:39:57.507Z]: A fatal error occurred: Unknown error ocurred while opening page at http://waltonsun.com/events.  Killing phantom process 25644
[2015-08-03T22:39:57.507Z]: Deleting browser instance with phantom pid 25644
[2015-08-03T22:39:57.508Z]: mfeddie responded with non-200 status 500
[2015-08-03T22:40:02.499Z]: new mfeddie called
[2015-08-03T22:40:02.667Z]: set phantom called
[2015-08-03T22:40:02.667Z]: has ph?
[2015-08-03T22:40:02.667Z]: [object Object]
[2015-08-03T22:40:02.667Z]: Creating browser instance with phantom pid 25656
[2015-08-03T22:40:03.358Z]: There are 1 instances running with these PIDs:
[2015-08-03T22:40:03.358Z]: 25656, 
[2015-08-03T22:40:08.358Z]: There are 1 instances running with these PIDs:
[2015-08-03T22:40:08.359Z]: 25656, 
[2015-08-03T22:40:09.577Z]: mf_keep_alive = 0, killing phantom process 25656
[2015-08-03T22:40:09.578Z]: Deleting browser instance with phantom pid 25656
[2015-08-03T22:40:09.581Z]: mfeddie responded with non-200 status 301
[2015-08-03T22:40:09.672Z]: new mfeddie called
[2015-08-03T22:40:09.844Z]: set phantom called
[2015-08-03T22:40:09.844Z]: has ph?
[2015-08-03T22:40:09.844Z]: [object Object]
[2015-08-03T22:40:09.846Z]: Creating browser instance with phantom pid 25673
[2015-08-03T22:40:13.359Z]: There are 1 instances running with these PIDs:
[2015-08-03T22:40:13.360Z]: 25673, 
[2015-08-03T22:40:16.626Z]: mf_keep_alive = 0, killing phantom process 25673
[2015-08-03T22:40:16.626Z]: Deleting browser instance with phantom pid 25673
[2015-08-03T22:40:16.627Z]: mfeddie responded with non-200 status 301
[2015-08-03T22:40:16.672Z]: new mfeddie called
[2015-08-03T22:40:16.882Z]: set phantom called
[2015-08-03T22:40:16.883Z]: has ph?
[2015-08-03T22:40:16.883Z]: [object Object]
[2015-08-03T22:40:16.883Z]: Creating browser instance with phantom pid 25684
[2015-08-03T22:40:18.360Z]: There are 1 instances running with these PIDs:
[2015-08-03T22:40:18.360Z]: 25684, 
[2015-08-03T22:40:23.360Z]: There are 1 instances running with these PIDs:
[2015-08-03T22:40:23.360Z]: 25684, 
[2015-08-03T22:40:23.959Z]: mf_keep_alive = 0, killing phantom process 25684
[2015-08-03T22:40:23.959Z]: Deleting browser instance with phantom pid 25684
[2015-08-03T22:40:23.960Z]: mfeddie responded with non-200 status 301
[2015-08-03T22:40:24.059Z]: new mfeddie called
[2015-08-03T22:40:24.245Z]: set phantom called
[2015-08-03T22:40:24.245Z]: has ph?
[2015-08-03T22:40:24.245Z]: [object Object]
[2015-08-03T22:40:24.245Z]: Creating browser instance with phantom pid 25698
[2015-08-03T22:40:56.285Z]: log init
[2015-08-03T22:40:56.290Z]: max instances: 16
[2015-08-03T22:40:56.290Z]: 8314
[2015-08-03T22:41:01.391Z]: new mfeddie called
[2015-08-03T22:41:01.546Z]: set phantom called
[2015-08-03T22:41:01.546Z]: has ph?
[2015-08-03T22:41:01.546Z]: [object Object]
[2015-08-03T22:41:01.547Z]: Creating browser instance with phantom pid 25735
[2015-08-03T22:41:06.295Z]: There are 1 instances running with these PIDs:
[2015-08-03T22:41:06.295Z]: 25735, 
[2015-08-03T22:41:06.675Z]: request to http://waltonsun.com/events timed out.
[2015-08-03T22:41:06.676Z]: A fatal error occurred: Unknown error ocurred while opening page at http://waltonsun.com/events.  Killing phantom process 25735
[2015-08-03T22:41:06.676Z]: Deleting browser instance with phantom pid 25735
[2015-08-03T22:41:06.678Z]: mfeddie responded with non-200 status 500
[2015-08-03T22:41:10.407Z]: new mfeddie called
[2015-08-03T22:41:10.551Z]: set phantom called
[2015-08-03T22:41:10.552Z]: has ph?
[2015-08-03T22:41:10.552Z]: [object Object]
[2015-08-03T22:41:10.552Z]: Creating browser instance with phantom pid 25747
[2015-08-03T22:41:11.295Z]: There are 1 instances running with these PIDs:
[2015-08-03T22:41:11.295Z]: 25747, 
[2015-08-03T22:41:15.673Z]: request to http://waltonsun.com/events timed out.
[2015-08-03T22:41:15.674Z]: A fatal error occurred: Unknown error ocurred while opening page at http://waltonsun.com/events.  Killing phantom process 25747
[2015-08-03T22:41:15.674Z]: Deleting browser instance with phantom pid 25747
[2015-08-03T22:41:15.675Z]: mfeddie responded with non-200 status 500
[2015-08-03T22:41:22.437Z]: new mfeddie called
[2015-08-03T22:41:22.567Z]: set phantom called
[2015-08-03T22:41:22.567Z]: has ph?
[2015-08-03T22:41:22.568Z]: [object Object]
[2015-08-03T22:41:22.568Z]: Creating browser instance with phantom pid 25760
[2015-08-03T22:41:26.303Z]: There are 1 instances running with these PIDs:
[2015-08-03T22:41:26.305Z]: 25760, 
[2015-08-03T22:41:27.674Z]: request to http://waltonsun.com/events timed out.
[2015-08-03T22:41:27.675Z]: A fatal error occurred: Unknown error ocurred while opening page at http://waltonsun.com/events.  Killing phantom process 25760
[2015-08-03T22:41:27.675Z]: Deleting browser instance with phantom pid 25760
[2015-08-03T22:41:27.676Z]: mfeddie responded with non-200 status 500
[2015-08-03T22:41:30.643Z]: new mfeddie called
[2015-08-03T22:41:30.775Z]: set phantom called
[2015-08-03T22:41:30.775Z]: has ph?
[2015-08-03T22:41:30.775Z]: [object Object]
[2015-08-03T22:41:30.775Z]: Creating browser instance with phantom pid 25779
[2015-08-03T22:41:31.305Z]: There are 1 instances running with these PIDs:
[2015-08-03T22:41:31.305Z]: 25779, 
[2015-08-03T22:41:35.674Z]: request to http://waltonsun.com/events timed out.
[2015-08-03T22:41:35.675Z]: A fatal error occurred: Unknown error ocurred while opening page at http://waltonsun.com/events.  Killing phantom process 25779
[2015-08-03T22:41:35.675Z]: Deleting browser instance with phantom pid 25779
[2015-08-03T22:41:35.675Z]: mfeddie responded with non-200 status 500
[2015-08-03T22:41:40.587Z]: new mfeddie called
[2015-08-03T22:41:40.747Z]: set phantom called
[2015-08-03T22:41:40.748Z]: has ph?
[2015-08-03T22:41:40.748Z]: [object Object]
[2015-08-03T22:41:40.748Z]: Creating browser instance with phantom pid 25791
[2015-08-03T22:41:41.307Z]: There are 1 instances running with these PIDs:
[2015-08-03T22:41:41.308Z]: 25791, 
[2015-08-03T22:41:45.673Z]: request to http://waltonsun.com/events timed out.
[2015-08-03T22:41:45.674Z]: A fatal error occurred: Unknown error ocurred while opening page at http://waltonsun.com/events.  Killing phantom process 25791
[2015-08-03T22:41:45.674Z]: Deleting browser instance with phantom pid 25791
[2015-08-03T22:41:45.675Z]: mfeddie responded with non-200 status 500
[2015-08-03T22:41:48.365Z]: new mfeddie called
[2015-08-03T22:41:48.500Z]: set phantom called
[2015-08-03T22:41:48.500Z]: has ph?
[2015-08-03T22:41:48.500Z]: [object Object]
[2015-08-03T22:41:48.500Z]: Creating browser instance with phantom pid 25803
[2015-08-03T22:41:51.310Z]: There are 1 instances running with these PIDs:
[2015-08-03T22:41:51.311Z]: 25803, 
[2015-08-03T22:41:53.674Z]: request to http://waltonsun.com/events timed out.
[2015-08-03T22:41:53.675Z]: A fatal error occurred: Unknown error ocurred while opening page at http://waltonsun.com/events.  Killing phantom process 25803
[2015-08-03T22:41:53.675Z]: Deleting browser instance with phantom pid 25803
[2015-08-03T22:41:53.676Z]: mfeddie responded with non-200 status 500
[2015-08-03T22:42:04.709Z]: new mfeddie called
[2015-08-03T22:42:04.850Z]: set phantom called
[2015-08-03T22:42:04.851Z]: has ph?
[2015-08-03T22:42:04.851Z]: [object Object]
[2015-08-03T22:42:04.851Z]: Creating browser instance with phantom pid 25833
[2015-08-03T22:42:06.318Z]: There are 1 instances running with these PIDs:
[2015-08-03T22:42:06.318Z]: 25833, 
[2015-08-03T22:42:11.319Z]: There are 1 instances running with these PIDs:
[2015-08-03T22:42:11.319Z]: 25833, 
[2015-08-03T22:42:11.961Z]: mf_keep_alive = 0, killing phantom process 25833
[2015-08-03T22:42:11.961Z]: Deleting browser instance with phantom pid 25833
[2015-08-03T22:42:11.962Z]: mfeddie responded with non-200 status 301
[2015-08-03T22:42:11.981Z]: new mfeddie called
[2015-08-03T22:42:12.123Z]: set phantom called
[2015-08-03T22:42:12.123Z]: has ph?
[2015-08-03T22:42:12.123Z]: [object Object]
[2015-08-03T22:42:12.123Z]: Creating browser instance with phantom pid 25841
[2015-08-03T22:42:16.320Z]: There are 1 instances running with these PIDs:
[2015-08-03T22:42:16.320Z]: 25841, 
[2015-08-03T22:42:18.927Z]: mf_keep_alive = 0, killing phantom process 25841
[2015-08-03T22:42:18.927Z]: Deleting browser instance with phantom pid 25841
[2015-08-03T22:42:18.928Z]: mfeddie responded with non-200 status 301
[2015-08-03T22:42:18.949Z]: new mfeddie called
[2015-08-03T22:42:19.139Z]: set phantom called
[2015-08-03T22:42:19.140Z]: has ph?
[2015-08-03T22:42:19.140Z]: [object Object]
[2015-08-03T22:42:19.140Z]: Creating browser instance with phantom pid 25853
[2015-08-03T22:42:21.322Z]: There are 1 instances running with these PIDs:
[2015-08-03T22:42:21.322Z]: 25853, 
[2015-08-03T22:42:25.828Z]: mf_keep_alive = 0, killing phantom process 25853
[2015-08-03T22:42:25.828Z]: Deleting browser instance with phantom pid 25853
[2015-08-03T22:42:25.830Z]: mfeddie responded with non-200 status 301
[2015-08-03T22:42:25.838Z]: new mfeddie called
[2015-08-03T22:42:26.010Z]: set phantom called
[2015-08-03T22:42:26.010Z]: has ph?
[2015-08-03T22:42:26.010Z]: [object Object]
[2015-08-03T22:42:26.010Z]: Creating browser instance with phantom pid 25862
[2015-08-03T22:42:26.323Z]: There are 1 instances running with these PIDs:
[2015-08-03T22:42:26.323Z]: 25862, 
[2015-08-03T22:42:31.323Z]: There are 1 instances running with these PIDs:
[2015-08-03T22:42:31.323Z]: 25862, 
[2015-08-03T22:42:33.105Z]: mf_keep_alive = 0, killing phantom process 25862
[2015-08-03T22:42:33.105Z]: Deleting browser instance with phantom pid 25862
[2015-08-03T22:42:33.106Z]: mfeddie responded with non-200 status 301
[2015-08-03T22:42:33.123Z]: new mfeddie called
[2015-08-03T22:42:33.341Z]: set phantom called
[2015-08-03T22:42:33.342Z]: has ph?
[2015-08-03T22:42:33.342Z]: [object Object]
[2015-08-03T22:42:33.342Z]: Creating browser instance with phantom pid 25882
[2015-08-03T22:42:36.323Z]: There are 1 instances running with these PIDs:
[2015-08-03T22:42:36.323Z]: 25882, 
[2015-08-03T22:42:40.233Z]: mf_keep_alive = 0, killing phantom process 25882
[2015-08-03T22:42:40.233Z]: Deleting browser instance with phantom pid 25882
[2015-08-03T22:42:40.233Z]: mfeddie responded with non-200 status 301
[2015-08-03T22:42:40.252Z]: new mfeddie called
[2015-08-03T22:42:40.491Z]: set phantom called
[2015-08-03T22:42:40.492Z]: has ph?
[2015-08-03T22:42:40.492Z]: [object Object]
[2015-08-03T22:42:40.492Z]: Creating browser instance with phantom pid 25902
[2015-08-03T22:42:41.324Z]: There are 1 instances running with these PIDs:
[2015-08-03T22:42:41.324Z]: 25902, 
[2015-08-03T22:42:46.326Z]: There are 1 instances running with these PIDs:
[2015-08-03T22:42:46.326Z]: 25902, 
[2015-08-03T22:42:47.507Z]: mf_keep_alive = 0, killing phantom process 25902
[2015-08-03T22:42:47.508Z]: Deleting browser instance with phantom pid 25902
[2015-08-03T22:42:47.509Z]: mfeddie responded with non-200 status 301
[2015-08-03T22:42:47.526Z]: new mfeddie called
[2015-08-03T22:42:47.733Z]: set phantom called
[2015-08-03T22:42:47.734Z]: has ph?
[2015-08-03T22:42:47.734Z]: [object Object]
[2015-08-03T22:42:47.734Z]: Creating browser instance with phantom pid 25917
[2015-08-03T22:42:51.330Z]: There are 1 instances running with these PIDs:
[2015-08-03T22:42:51.331Z]: 25917, 
[2015-08-03T22:42:52.673Z]: request to http://waltonsun.com/events timed out.
[2015-08-03T22:42:52.674Z]: A fatal error occurred: Unknown error ocurred while opening page at http://waltonsun.com/events.  Killing phantom process 25917
[2015-08-03T22:42:52.674Z]: Deleting browser instance with phantom pid 25917
[2015-08-03T22:42:52.674Z]: mfeddie responded with non-200 status 500
[2015-08-03T22:45:09.686Z]: log init
[2015-08-03T22:45:09.690Z]: max instances: 16
[2015-08-03T22:45:09.690Z]: 8314
[2015-08-03T22:45:13.433Z]: new mfeddie called
[2015-08-03T22:45:13.583Z]: set phantom called
[2015-08-03T22:45:13.583Z]: has ph?
[2015-08-03T22:45:13.583Z]: [object Object]
[2015-08-03T22:45:13.583Z]: Creating browser instance with phantom pid 26072
[2015-08-03T22:45:14.691Z]: There are 1 instances running with these PIDs:
[2015-08-03T22:45:14.691Z]: 26072, 
[2015-08-03T22:45:19.694Z]: There are 1 instances running with these PIDs:
[2015-08-03T22:45:19.694Z]: 26072, 
[2015-08-03T22:45:21.696Z]: request to http://www.waltonsun.com/events timed out.
[2015-08-03T22:45:22.974Z]: mf_keep_alive = 0, killing phantom process 26072
[2015-08-03T22:45:22.974Z]: Deleting browser instance with phantom pid 26072
[2015-08-03T22:49:59.932Z]: log init
[2015-08-03T22:49:59.937Z]: max instances: 16
[2015-08-03T22:49:59.937Z]: 8314
[2015-08-03T22:55:27.907Z]: log init
[2015-08-03T22:55:27.911Z]: max instances: 16
[2015-08-03T22:55:27.912Z]: 8314
[2015-08-03T22:55:34.448Z]: new mfeddie called
[2015-08-03T22:55:34.600Z]: set phantom called
[2015-08-03T22:55:34.601Z]: has ph?
[2015-08-03T22:55:34.601Z]: [object Object]
[2015-08-03T22:55:34.601Z]: Creating browser instance with phantom pid 26700
[2015-08-03T22:55:34.974Z]: content-type: null
[2015-08-03T22:55:35.821Z]: content-type: text/html;charset=utf-8
[2015-08-03T22:55:35.837Z]: content-type: text/html;charset=utf-8
[2015-08-03T22:55:35.908Z]: content-type: text/javascript
[2015-08-03T22:55:35.909Z]: content-type: text/javascript
[2015-08-03T22:55:35.954Z]: content-type: text/css
[2015-08-03T22:55:35.958Z]: content-type: text/css
[2015-08-03T22:55:35.990Z]: content-type: application/javascript
[2015-08-03T22:55:35.993Z]: content-type: application/javascript
[2015-08-03T22:55:35.993Z]: content-type: application/javascript
[2015-08-03T22:55:35.993Z]: content-type: application/javascript
[2015-08-03T22:55:36.002Z]: content-type: text/css
[2015-08-03T22:55:36.003Z]: content-type: text/css
[2015-08-03T22:55:36.009Z]: content-type: text/css
[2015-08-03T22:55:36.011Z]: content-type: text/css
[2015-08-03T22:55:36.012Z]: content-type: text/css
[2015-08-03T22:55:36.012Z]: content-type: text/css
[2015-08-03T22:55:36.016Z]: content-type: text/css
[2015-08-03T22:55:36.019Z]: content-type: text/css
[2015-08-03T22:55:36.020Z]: content-type: text/css
[2015-08-03T22:55:36.020Z]: content-type: text/css
[2015-08-03T22:55:36.032Z]: content-type: text/javascript; charset=UTF-8
[2015-08-03T22:55:36.033Z]: content-type: text/javascript; charset=UTF-8
[2015-08-03T22:55:36.085Z]: content-type: text/css
[2015-08-03T22:55:36.086Z]: content-type: text/css
[2015-08-03T22:55:36.094Z]: content-type: text/html; charset=utf-8
[2015-08-03T22:55:36.137Z]: content-type: application/javascript; charset=UTF-8
[2015-08-03T22:55:36.138Z]: content-type: application/javascript; charset=UTF-8
[2015-08-03T22:55:36.382Z]: content-type: text/css
[2015-08-03T22:55:36.383Z]: content-type: text/css
[2015-08-03T22:55:36.444Z]: content-type: text/css
[2015-08-03T22:55:36.446Z]: content-type: text/javascript
[2015-08-03T22:55:36.446Z]: content-type: text/css
[2015-08-03T22:55:36.447Z]: content-type: text/css
[2015-08-03T22:55:36.504Z]: content-type: text/css
[2015-08-03T22:55:36.513Z]: content-type: text/javascript
[2015-08-03T22:55:36.521Z]: content-type: application/javascript
[2015-08-03T22:55:36.536Z]: content-type: text/javascript
[2015-08-03T22:55:36.593Z]: content-type: text/javascript
[2015-08-03T22:55:36.595Z]: content-type: text/javascript
[2015-08-03T22:55:36.597Z]: content-type: text/javascript
[2015-08-03T22:55:36.647Z]: content-type: text/javascript
[2015-08-03T22:55:36.648Z]: content-type: text/javascript
[2015-08-03T22:55:36.668Z]: content-type: application/javascript
[2015-08-03T22:55:36.670Z]: content-type: text/javascript
[2015-08-03T22:55:36.672Z]: content-type: text/javascript
[2015-08-03T22:55:36.697Z]: content-type: text/javascript
[2015-08-03T22:55:36.698Z]: content-type: text/javascript
[2015-08-03T22:55:36.730Z]: content-type: text/javascript
[2015-08-03T22:55:36.732Z]: content-type: text/javascript
[2015-08-03T22:55:36.792Z]: content-type: text/javascript
[2015-08-03T22:55:36.794Z]: content-type: text/javascript
[2015-08-03T22:55:36.796Z]: content-type: text/javascript
[2015-08-03T22:55:36.796Z]: content-type: text/javascript
[2015-08-03T22:55:36.835Z]: content-type: text/javascript
[2015-08-03T22:55:36.837Z]: content-type: text/javascript
[2015-08-03T22:55:36.842Z]: content-type: text/javascript
[2015-08-03T22:55:36.852Z]: content-type: text/javascript
[2015-08-03T22:55:36.891Z]: content-type: text/javascript
[2015-08-03T22:55:36.903Z]: content-type: text/javascript
[2015-08-03T22:55:36.935Z]: content-type: application/javascript;charset=UTF-8
[2015-08-03T22:55:36.936Z]: content-type: application/javascript;charset=UTF-8
[2015-08-03T22:55:36.954Z]: content-type: text/javascript
[2015-08-03T22:55:36.957Z]: content-type: text/javascript
[2015-08-03T22:55:36.995Z]: content-type: text/javascript
[2015-08-03T22:55:36.996Z]: content-type: text/javascript
[2015-08-03T22:55:36.996Z]: content-type: text/javascript
[2015-08-03T22:55:37.035Z]: content-type: text/javascript
[2015-08-03T22:55:37.035Z]: content-type: text/javascript
[2015-08-03T22:55:37.035Z]: content-type: text/javascript
[2015-08-03T22:55:37.036Z]: content-type: text/css
[2015-08-03T22:55:37.036Z]: content-type: text/css
[2015-08-03T22:55:37.115Z]: content-type: text/javascript
[2015-08-03T22:55:37.115Z]: content-type: text/css;charset=utf-8
[2015-08-03T22:55:37.127Z]: content-type: text/javascript
[2015-08-03T22:55:37.127Z]: content-type: text/css;charset=utf-8
[2015-08-03T22:55:37.165Z]: content-type: text/css
[2015-08-03T22:55:37.165Z]: content-type: text/css
[2015-08-03T22:55:37.165Z]: content-type: null
[2015-08-03T22:55:37.166Z]: content-type: application/javascript;charset=utf-8
[2015-08-03T22:55:37.167Z]: content-type: text/javascript
[2015-08-03T22:55:37.167Z]: content-type: text/javascript
[2015-08-03T22:55:37.167Z]: content-type: text/javascript
[2015-08-03T22:55:37.168Z]: content-type: text/javascript
[2015-08-03T22:55:37.168Z]: content-type: text/javascript
[2015-08-03T22:55:37.201Z]: content-type: application/javascript;charset=utf-8
[2015-08-03T22:55:37.223Z]: content-type: text/javascript
[2015-08-03T22:55:37.393Z]: content-type: application/javascript;charset=utf-8
[2015-08-03T22:55:37.408Z]: content-type: image/gif
[2015-08-03T22:55:37.408Z]: content-type: image/gif
[2015-08-03T22:55:37.455Z]: content-type: application/x-javascript
[2015-08-03T22:55:37.456Z]: content-type: application/x-javascript
[2015-08-03T22:55:37.480Z]: content-type: text/javascript; charset=UTF-8
[2015-08-03T22:55:37.486Z]: content-type: image/gif
[2015-08-03T22:55:37.490Z]: content-type: image/gif
[2015-08-03T22:55:37.491Z]: content-type: image/gif
[2015-08-03T22:55:37.491Z]: content-type: image/gif
[2015-08-03T22:55:37.530Z]: content-type: text/javascript; charset=UTF-8
[2015-08-03T22:55:37.550Z]: content-type: application/javascript;charset=utf-8
[2015-08-03T22:55:37.550Z]: content-type: null
[2015-08-03T22:55:37.595Z]: content-type: image/gif
[2015-08-03T22:55:37.595Z]: content-type: image/gif
[2015-08-03T22:55:37.595Z]: content-type: image/png
[2015-08-03T22:55:37.596Z]: content-type: image/png
[2015-08-03T22:55:37.597Z]: content-type: text/html; charset=iso-8859-1
[2015-08-03T22:55:37.597Z]: content-type: text/html; charset=iso-8859-1
[2015-08-03T22:55:37.598Z]: content-type: image/gif
[2015-08-03T22:55:37.598Z]: content-type: image/gif
[2015-08-03T22:55:37.617Z]: content-type: null
[2015-08-03T22:55:37.619Z]: content-type: image/png
[2015-08-03T22:55:37.619Z]: content-type: image/png
[2015-08-03T22:55:37.621Z]: content-type: image/png
[2015-08-03T22:55:37.621Z]: content-type: image/png
[2015-08-03T22:55:37.648Z]: content-type: image/png
[2015-08-03T22:55:37.653Z]: content-type: text/html
[2015-08-03T22:55:37.654Z]: content-type: text/html
[2015-08-03T22:55:37.667Z]: content-type: text/javascript
[2015-08-03T22:55:37.684Z]: content-type: image/gif
[2015-08-03T22:55:37.686Z]: content-type: image/gif
[2015-08-03T22:55:37.747Z]: content-type: image/png
[2015-08-03T22:55:37.769Z]: content-type: text/javascript
[2015-08-03T22:55:37.912Z]: There are 1 instances running with these PIDs:
[2015-08-03T22:55:37.913Z]: 26700, 
[2015-08-03T22:55:38.875Z]: content-type: text/javascript; charset=UTF-8
[2015-08-03T22:55:38.883Z]: content-type: text/javascript; charset=UTF-8
[2015-08-03T22:55:39.001Z]: content-type: text/javascript; charset=UTF-8
[2015-08-03T22:55:39.053Z]: content-type: text/javascript; charset=UTF-8
[2015-08-03T22:55:39.392Z]: content-type: text/javascript; charset=UTF-8
[2015-08-03T22:55:39.392Z]: content-type: text/javascript; charset=UTF-8
[2015-08-03T22:55:39.612Z]: content-type: text/javascript; charset=UTF-8
[2015-08-03T22:55:39.713Z]: content-type: text/javascript; charset=UTF-8
[2015-08-03T22:55:39.857Z]: content-type: text/javascript
[2015-08-03T22:55:39.935Z]: content-type: text/javascript
[2015-08-03T22:55:40.061Z]: content-type: null
[2015-08-03T22:55:40.678Z]: request to http://waltonsun.spingo.com/embed.js timed out.
[2015-08-03T22:55:40.678Z]: content-type: null
[2015-08-03T22:55:40.678Z]: request to http://netweather.accuweather.com/adcbin/netweather_v2/netweatherV2ex.asp?partner=netweather&tStyle=normal&logo=1&zipcode=32550&lang=eng&size=9&theme=fall1&metric=0&target=_self timed out.
[2015-08-03T22:55:40.678Z]: content-type: null
[2015-08-03T22:55:40.869Z]: content-type: text/javascript; charset=UTF-8
[2015-08-03T22:55:40.891Z]: content-type: text/javascript; charset=UTF-8
[2015-08-03T22:55:40.892Z]: content-type: text/javascript; charset=UTF-8
[2015-08-03T22:55:40.966Z]: content-type: text/javascript; charset=UTF-8
[2015-08-03T22:55:40.968Z]: content-type: text/javascript; charset=UTF-8
[2015-08-03T22:55:41.015Z]: content-type: text/javascript; charset=UTF-8
[2015-08-03T22:55:41.015Z]: content-type: text/javascript; charset=UTF-8
[2015-08-03T22:55:41.021Z]: content-type: text/javascript; charset=UTF-8
[2015-08-03T22:55:41.021Z]: content-type: text/javascript; charset=UTF-8
[2015-08-03T22:55:41.032Z]: content-type: application/json
[2015-08-03T22:55:41.040Z]: content-type: application/json
[2015-08-03T22:55:41.043Z]: content-type: application/x-javascript
[2015-08-03T22:55:41.063Z]: content-type: application/x-javascript
[2015-08-03T22:55:41.066Z]: content-type: text/html
[2015-08-03T22:55:41.067Z]: content-type: text/html
[2015-08-03T22:55:41.125Z]: content-type: text/javascript; charset=UTF-8
[2015-08-03T22:55:41.246Z]: mf_keep_alive = 0, killing phantom process 26700
[2015-08-03T22:55:41.246Z]: Deleting browser instance with phantom pid 26700
[2015-08-03T22:55:41.252Z]: content-type: application/x-javascript
[2015-08-03T22:55:41.253Z]: content-type: application/x-javascript
[2015-08-03T22:55:41.254Z]: content-type: application/x-javascript
[2015-08-03T22:55:41.255Z]: content-type: application/x-javascript
[2015-08-03T22:55:41.255Z]: content-type: application/x-javascript
[2015-08-03T22:55:41.255Z]: content-type: application/x-javascript
[2015-08-03T23:01:57.886Z]: log init
[2015-08-03T23:01:57.893Z]: max instances: 16
[2015-08-03T23:01:57.893Z]: 8314
[2015-08-03T23:02:00.723Z]: new mfeddie called
[2015-08-03T23:02:00.881Z]: set phantom called
[2015-08-03T23:02:00.881Z]: has ph?
[2015-08-03T23:02:00.881Z]: [object Object]
[2015-08-03T23:02:00.881Z]: Creating browser instance with phantom pid 27108
[2015-08-03T23:02:02.894Z]: There are 1 instances running with these PIDs:
[2015-08-03T23:02:02.894Z]: 27108, 
[2015-08-03T23:02:07.644Z]: mf_keep_alive = 0, killing phantom process 27108
[2015-08-03T23:02:07.644Z]: Deleting browser instance with phantom pid 27108
[2015-08-03T23:16:10.780Z]: log init
[2015-08-03T23:16:10.785Z]: max instances: 16
[2015-08-03T23:16:10.785Z]: 8314
[2015-08-03T23:16:14.914Z]: new mfeddie called
[2015-08-03T23:16:15.068Z]: set phantom called
[2015-08-03T23:16:15.069Z]: has ph?
[2015-08-03T23:16:15.069Z]: [object Object]
[2015-08-03T23:16:15.069Z]: Creating browser instance with phantom pid 27912
[2015-08-03T23:16:15.785Z]: There are 1 instances running with these PIDs:
[2015-08-03T23:16:15.786Z]: 27912, 
[2015-08-03T23:16:20.786Z]: There are 1 instances running with these PIDs:
[2015-08-03T23:16:20.786Z]: 27912, 
[2015-08-03T23:19:19.300Z]: log init
[2015-08-03T23:19:19.304Z]: max instances: 16
[2015-08-03T23:19:19.304Z]: 8314
[2015-08-03T23:19:21.966Z]: new mfeddie called
[2015-08-03T23:19:22.118Z]: set phantom called
[2015-08-03T23:19:22.119Z]: has ph?
[2015-08-03T23:19:22.119Z]: [object Object]
[2015-08-03T23:19:22.119Z]: Creating browser instance with phantom pid 28096
[2015-08-03T23:19:24.305Z]: There are 1 instances running with these PIDs:
[2015-08-03T23:19:24.305Z]: 28096, 
[2015-08-04T00:15:35.376Z]: log init
[2015-08-04T00:15:35.381Z]: max instances: 16
[2015-08-04T00:15:35.381Z]: 8314
[2015-08-04T00:15:38.277Z]: new mfeddie called
[2015-08-04T00:15:38.534Z]: set phantom called
[2015-08-04T00:15:38.536Z]: has ph?
[2015-08-04T00:15:38.536Z]: [object Object]
[2015-08-04T00:15:38.536Z]: Creating browser instance with phantom pid 31637
[2015-08-04T00:15:40.382Z]: There are 1 instances running with these PIDs:
[2015-08-04T00:15:40.382Z]: 31637, 
[2015-08-04T00:15:43.674Z]: request to http://waltonsun.com/events timed out.
[2015-08-04T00:15:43.675Z]: A fatal error occurred: Unknown error ocurred while opening page at http://waltonsun.com/events.  Killing phantom process 31637
[2015-08-04T00:15:43.676Z]: Deleting browser instance with phantom pid 31637
[2015-08-04T00:15:43.677Z]: mfeddie responded with non-200 status 500
[2015-08-04T00:15:47.198Z]: new mfeddie called
[2015-08-04T00:15:47.336Z]: set phantom called
[2015-08-04T00:15:47.336Z]: has ph?
[2015-08-04T00:15:47.336Z]: [object Object]
[2015-08-04T00:15:47.336Z]: Creating browser instance with phantom pid 31667
[2015-08-04T00:15:50.384Z]: There are 1 instances running with these PIDs:
[2015-08-04T00:15:50.384Z]: 31667, 
[2015-08-04T00:15:55.385Z]: There are 1 instances running with these PIDs:
[2015-08-04T00:15:55.385Z]: 31667, 
[2015-08-04T00:15:57.672Z]: request to http://www.barchart.com/opinions/stocks/EPD timed out.
[2015-08-04T00:16:33.468Z]: log init
[2015-08-04T00:16:33.473Z]: max instances: 16
[2015-08-04T00:16:33.473Z]: 8314
[2015-08-04T00:16:39.166Z]: new mfeddie called
[2015-08-04T00:16:39.323Z]: set phantom called
[2015-08-04T00:16:39.323Z]: has ph?
[2015-08-04T00:16:39.323Z]: [object Object]
[2015-08-04T00:16:39.324Z]: Creating browser instance with phantom pid 31739
[2015-08-04T00:16:40.699Z]: new mfeddie called
[2015-08-04T00:16:40.842Z]: set phantom called
[2015-08-04T00:16:40.842Z]: has ph?
[2015-08-04T00:16:40.842Z]: [object Object]
[2015-08-04T00:16:40.843Z]: Creating browser instance with phantom pid 31753
[2015-08-04T00:16:43.432Z]: RESPONSE STATUS CODE : 200
[2015-08-04T00:16:43.432Z]: RESPONSE CONTENT TYPE : undefined
[2015-08-04T00:16:43.466Z]: new mfeddie called
[2015-08-04T00:16:43.484Z]: There are 2 instances running with these PIDs:
[2015-08-04T00:16:43.485Z]: 31739, 31753, 
[2015-08-04T00:16:43.622Z]: set phantom called
[2015-08-04T00:16:43.622Z]: has ph?
[2015-08-04T00:16:43.622Z]: [object Object]
[2015-08-04T00:16:43.622Z]: Creating browser instance with phantom pid 31765
[2015-08-04T00:16:47.692Z]: mf_keep_alive = 0, killing phantom process 31753
[2015-08-04T00:16:47.692Z]: Deleting browser instance with phantom pid 31753
[2015-08-04T00:16:47.693Z]: RESPONSE STATUS CODE : 200
[2015-08-04T00:16:47.693Z]: RESPONSE CONTENT TYPE : undefined
[2015-08-04T00:16:48.486Z]: There are 2 instances running with these PIDs:
[2015-08-04T00:16:48.486Z]: 31739, 31765, 
[2015-08-04T00:16:53.490Z]: There are 2 instances running with these PIDs:
[2015-08-04T00:16:53.490Z]: 31739, 31765, 
[2015-08-04T00:16:54.688Z]: request to http://adserver.barchart.com/adscript.jsx?site=Tracking-BC-Stocks timed out.
[2015-08-04T00:16:58.491Z]: There are 2 instances running with these PIDs:
[2015-08-04T00:16:58.492Z]: 31739, 31765, 
[2015-08-04T00:16:59.277Z]: RESPONSE STATUS CODE : 200
[2015-08-04T00:16:59.277Z]: RESPONSE CONTENT TYPE : undefined
[2015-08-04T00:16:59.292Z]: new mfeddie called
[2015-08-04T00:16:59.456Z]: set phantom called
[2015-08-04T00:16:59.456Z]: has ph?
[2015-08-04T00:16:59.456Z]: [object Object]
[2015-08-04T00:16:59.456Z]: Creating browser instance with phantom pid 31795
[2015-08-04T00:17:03.492Z]: There are 3 instances running with these PIDs:
[2015-08-04T00:17:03.492Z]: 31739, 31765, 31795, 
[2015-08-04T00:17:04.935Z]: RESPONSE STATUS CODE : 200
[2015-08-04T00:17:04.936Z]: RESPONSE CONTENT TYPE : undefined
[2015-08-04T00:17:04.963Z]: new mfeddie called
[2015-08-04T00:17:05.132Z]: set phantom called
[2015-08-04T00:17:05.133Z]: has ph?
[2015-08-04T00:17:05.133Z]: [object Object]
[2015-08-04T00:17:05.133Z]: Creating browser instance with phantom pid 31817
[2015-08-04T00:17:07.767Z]: RESPONSE STATUS CODE : 200
[2015-08-04T00:17:07.767Z]: RESPONSE CONTENT TYPE : undefined
[2015-08-04T00:17:07.781Z]: new mfeddie called
[2015-08-04T00:17:07.931Z]: set phantom called
[2015-08-04T00:17:07.931Z]: has ph?
[2015-08-04T00:17:07.931Z]: [object Object]
[2015-08-04T00:17:07.931Z]: Creating browser instance with phantom pid 31829
[2015-08-04T00:17:08.493Z]: There are 5 instances running with these PIDs:
[2015-08-04T00:17:08.493Z]: 31739, 31765, 31795, 31817, 31829, 
[2015-08-04T00:17:10.571Z]: RESPONSE STATUS CODE : 200
[2015-08-04T00:17:10.571Z]: RESPONSE CONTENT TYPE : undefined
[2015-08-04T00:17:10.585Z]: new mfeddie called
[2015-08-04T00:17:10.732Z]: set phantom called
[2015-08-04T00:17:10.732Z]: has ph?
[2015-08-04T00:17:10.732Z]: [object Object]
[2015-08-04T00:17:10.732Z]: Creating browser instance with phantom pid 31840
[2015-08-04T00:17:13.494Z]: There are 6 instances running with these PIDs:
[2015-08-04T00:17:13.495Z]: 31739, 31765, 31795, 31817, 31829, 31840, 
[2015-08-04T00:17:18.496Z]: There are 6 instances running with these PIDs:
[2015-08-04T00:17:18.496Z]: 31739, 31765, 31795, 31817, 31829, 31840, 
[2015-08-04T00:17:18.875Z]: RESPONSE STATUS CODE : 200
[2015-08-04T00:17:18.875Z]: RESPONSE CONTENT TYPE : undefined
[2015-08-04T00:17:18.892Z]: new mfeddie called
[2015-08-04T00:17:19.046Z]: set phantom called
[2015-08-04T00:17:19.046Z]: has ph?
[2015-08-04T00:17:19.046Z]: [object Object]
[2015-08-04T00:17:19.047Z]: Creating browser instance with phantom pid 31853
[2015-08-04T00:17:23.497Z]: There are 7 instances running with these PIDs:
[2015-08-04T00:17:23.497Z]: 31739, 31765, 31795, 31817, 31829, 31840, 31853, 
[2015-08-04T00:17:27.234Z]: RESPONSE STATUS CODE : 200
[2015-08-04T00:17:27.234Z]: RESPONSE CONTENT TYPE : undefined
[2015-08-04T00:17:27.248Z]: new mfeddie called
[2015-08-04T00:17:27.400Z]: set phantom called
[2015-08-04T00:17:27.400Z]: has ph?
[2015-08-04T00:17:27.400Z]: [object Object]
[2015-08-04T00:17:27.401Z]: Creating browser instance with phantom pid 31878
[2015-08-04T00:17:28.498Z]: There are 8 instances running with these PIDs:
[2015-08-04T00:17:28.498Z]: 31739, 31765, 31795, 31817, 31829, 31840, 31853, 31878, 
[2015-08-04T00:17:33.498Z]: There are 8 instances running with these PIDs:
[2015-08-04T00:17:33.499Z]: 31739, 31765, 31795, 31817, 31829, 31840, 31853, 31878, 
[2015-08-04T00:17:38.500Z]: There are 8 instances running with these PIDs:
[2015-08-04T00:17:38.500Z]: 31739, 31765, 31795, 31817, 31829, 31840, 31853, 31878, 
[2015-08-04T00:17:43.500Z]: There are 8 instances running with these PIDs:
[2015-08-04T00:17:43.501Z]: 31739, 31765, 31795, 31817, 31829, 31840, 31853, 31878, 
[2015-08-04T00:17:44.673Z]: request to http://www.barchart.com/shared/images/helpme.gif timed out.
[2015-08-04T00:17:48.502Z]: There are 8 instances running with these PIDs:
[2015-08-04T00:17:48.502Z]: 31739, 31765, 31795, 31817, 31829, 31840, 31853, 31878, 
[2015-08-04T00:17:49.892Z]: RESPONSE STATUS CODE : 200
[2015-08-04T00:17:49.892Z]: RESPONSE CONTENT TYPE : undefined
[2015-08-04T00:17:53.503Z]: There are 8 instances running with these PIDs:
[2015-08-04T00:17:53.504Z]: 31739, 31765, 31795, 31817, 31829, 31840, 31853, 31878, 
[2015-08-04T00:17:58.505Z]: There are 8 instances running with these PIDs:
[2015-08-04T00:17:58.505Z]: 31739, 31765, 31795, 31817, 31829, 31840, 31853, 31878, 
[2015-08-04T00:18:18.470Z]: log init
[2015-08-04T00:18:18.474Z]: max instances: 16
[2015-08-04T00:18:18.475Z]: 8314
[2015-08-04T00:18:33.114Z]: new mfeddie called
[2015-08-04T00:18:33.269Z]: set phantom called
[2015-08-04T00:18:33.269Z]: has ph?
[2015-08-04T00:18:33.269Z]: [object Object]
[2015-08-04T00:18:33.270Z]: Creating browser instance with phantom pid 32053
[2015-08-04T00:18:33.480Z]: There are 1 instances running with these PIDs:
[2015-08-04T00:18:33.480Z]: 32053, 
[2015-08-04T00:18:38.485Z]: There are 1 instances running with these PIDs:
[2015-08-04T00:18:38.485Z]: 32053, 
[2015-08-04T00:18:38.541Z]: request to http://waltonsun.com/events timed out.
[2015-08-04T00:18:38.542Z]: A fatal error occurred: Unknown error ocurred while opening page at http://waltonsun.com/events.  Killing phantom process 32053
[2015-08-04T00:18:38.542Z]: Deleting browser instance with phantom pid 32053
[2015-08-04T00:18:38.543Z]: RESPONSE STATUS CODE : 500
[2015-08-04T00:18:38.543Z]: RESPONSE CONTENT TYPE : undefined
[2015-08-04T00:18:38.543Z]: mfeddie responded with non-200 status 500
[2015-08-04T00:21:32.347Z]: log init
[2015-08-04T00:21:32.352Z]: max instances: 16
[2015-08-04T00:21:32.352Z]: 8314
[2015-08-04T00:21:34.553Z]: new mfeddie called
[2015-08-04T00:21:34.714Z]: set phantom called
[2015-08-04T00:21:34.714Z]: has ph?
[2015-08-04T00:21:34.714Z]: [object Object]
[2015-08-04T00:21:34.715Z]: Creating browser instance with phantom pid 32256
[2015-08-04T00:21:37.353Z]: There are 1 instances running with these PIDs:
[2015-08-04T00:21:37.353Z]: 32256, 
[2015-08-04T00:21:39.674Z]: request to http://waltonsun.com/events timed out.
[2015-08-04T00:21:39.674Z]: A fatal error occurred: Unknown error ocurred while opening page at http://waltonsun.com/events.  Killing phantom process 32256
[2015-08-04T00:21:39.675Z]: Deleting browser instance with phantom pid 32256
[2015-08-04T00:21:39.676Z]: RESPONSE STATUS CODE : 500
[2015-08-04T00:21:39.676Z]: RESPONSE CONTENT TYPE : undefined
[2015-08-04T00:21:39.676Z]: mfeddie responded with non-200 status 500
[2015-08-04T00:22:37.381Z]: log init
[2015-08-04T00:22:37.386Z]: max instances: 16
[2015-08-04T00:22:37.386Z]: 8314
[2015-08-04T00:22:50.210Z]: new mfeddie called
[2015-08-04T00:22:50.368Z]: set phantom called
[2015-08-04T00:22:50.368Z]: has ph?
[2015-08-04T00:22:50.368Z]: [object Object]
[2015-08-04T00:22:50.368Z]: Creating browser instance with phantom pid 32389
[2015-08-04T00:22:52.391Z]: There are 1 instances running with these PIDs:
[2015-08-04T00:22:52.391Z]: 32389, 
[2015-08-04T00:22:57.402Z]: mf_keep_alive = 0, killing phantom process 32389
[2015-08-04T00:22:57.402Z]: Deleting browser instance with phantom pid 32389
[2015-08-04T00:22:57.403Z]: RESPONSE STATUS CODE : 200
[2015-08-04T00:22:57.403Z]: RESPONSE CONTENT TYPE : text/html
[2015-08-04T00:23:05.527Z]: log init
[2015-08-04T00:23:05.533Z]: max instances: 16
[2015-08-04T00:23:05.533Z]: 8314
[2015-08-04T00:23:09.133Z]: new mfeddie called
[2015-08-04T00:23:09.297Z]: set phantom called
[2015-08-04T00:23:09.297Z]: [object Object]
[2015-08-04T00:23:09.297Z]: has ph?
[2015-08-04T00:23:09.297Z]: Creating browser instance with phantom pid 32436
[2015-08-04T00:23:10.533Z]: There are 1 instances running with these PIDs:
[2015-08-04T00:23:10.533Z]: 32436, 
[2015-08-04T00:23:15.534Z]: There are 1 instances running with these PIDs:
[2015-08-04T00:23:15.534Z]: 32436, 
[2015-08-04T00:23:15.888Z]: mf_keep_alive = 0, killing phantom process 32436
[2015-08-04T00:23:15.888Z]: Deleting browser instance with phantom pid 32436
[2015-08-04T00:23:15.889Z]: RESPONSE STATUS CODE : 200
[2015-08-04T00:23:15.889Z]: RESPONSE CONTENT TYPE : text/html
[2015-08-04T00:23:41.012Z]: new mfeddie called
[2015-08-04T00:23:41.146Z]: set phantom called
[2015-08-04T00:23:41.147Z]: has ph?
[2015-08-04T00:23:41.147Z]: [object Object]
[2015-08-04T00:23:41.147Z]: Creating browser instance with phantom pid 32511
[2015-08-04T00:23:45.559Z]: There are 1 instances running with these PIDs:
[2015-08-04T00:23:45.559Z]: 32511, 
[2015-08-04T00:23:47.742Z]: request to http://www.waltonsun.com/js/jquery-1.3.1.min.js timed out.
[2015-08-04T00:23:47.743Z]: request to http://www.waltonsun.com/js/jquery.polopoly.js timed out.
[2015-08-04T00:23:47.743Z]: request to http://www.waltonsun.com/js/blog.js timed out.
[2015-08-04T00:23:47.744Z]: request to http://www.waltonsun.com/hmg/js/utility.js timed out.
[2015-08-04T00:23:47.744Z]: request to http://www.waltonsun.com/hmg/js/superfish.js timed out.
[2015-08-04T00:23:47.744Z]: request to http://www.waltonsun.com/js/jcarousellite_1.0.1.min.js timed out.
[2015-08-04T00:23:47.746Z]: request to http://www.waltonsun.com/css/greenfield/ui_tabs.css timed out.
[2015-08-04T00:23:47.746Z]: request to http://www.waltonsun.com/js/jquery-ui-tabs-1.5.packed.js timed out.
[2015-08-04T00:23:47.746Z]: request to http://www.waltonsun.com/cmlink/wsun-custom-7.386 timed out.
[2015-08-04T00:23:47.748Z]: request to http://www.waltonsun.com/hmg/css/search.css timed out.
[2015-08-04T00:23:47.749Z]: request to http://www.waltonsun.com/js/site-min.js timed out.
[2015-08-04T00:23:47.749Z]: request to http://www.waltonsun.com/hmg/js/s_code.js timed out.
[2015-08-04T00:23:47.749Z]: request to http://www.waltonsun.com/hmg/js/omniture.js timed out.
[2015-08-04T00:23:47.983Z]: mf_keep_alive = 0, killing phantom process 32511
[2015-08-04T00:23:47.983Z]: Deleting browser instance with phantom pid 32511
[2015-08-04T00:23:47.984Z]: RESPONSE STATUS CODE : 200
[2015-08-04T00:23:47.984Z]: RESPONSE CONTENT TYPE : text/html
[2015-08-04T00:24:13.057Z]: new mfeddie called
[2015-08-04T00:24:13.189Z]: set phantom called
[2015-08-04T00:24:13.189Z]: has ph?
[2015-08-04T00:24:13.190Z]: [object Object]
[2015-08-04T00:24:13.190Z]: Creating browser instance with phantom pid 32560
[2015-08-04T00:24:15.580Z]: There are 1 instances running with these PIDs:
[2015-08-04T00:24:15.580Z]: 32560, 
[2015-08-04T00:24:19.739Z]: request to http://www.waltonsun.com/events timed out.
[2015-08-04T00:24:19.740Z]: A fatal error occurred: Unknown error ocurred while opening page at http://waltonsun.com/events.  Killing phantom process 32560
[2015-08-04T00:24:19.740Z]: Deleting browser instance with phantom pid 32560
[2015-08-04T00:24:19.740Z]: RESPONSE STATUS CODE : 500
[2015-08-04T00:24:19.741Z]: RESPONSE CONTENT TYPE : application/json
[2015-08-04T00:24:19.741Z]: mfeddie responded with non-200 status 500
[2015-08-04T00:54:57.570Z]: log init
[2015-08-04T00:54:57.574Z]: max instances: 16
[2015-08-04T00:54:57.574Z]: 8314
[2015-08-04T00:55:01.466Z]: new mfeddie called
[2015-08-04T00:55:01.631Z]: set phantom called
[2015-08-04T00:55:01.631Z]: has ph?
[2015-08-04T00:55:01.632Z]: [object Object]
[2015-08-04T00:55:01.632Z]: Creating browser instance with phantom pid 1897
[2015-08-04T00:55:02.575Z]: There are 1 instances running with these PIDs:
[2015-08-04T00:55:02.575Z]: 1897, 
[2015-08-04T00:55:07.576Z]: There are 1 instances running with these PIDs:
[2015-08-04T00:55:07.576Z]: 1897, 
[2015-08-04T00:55:08.153Z]: mf_keep_alive = 0, killing phantom process 1897
[2015-08-04T00:55:08.153Z]: Deleting browser instance with phantom pid 1897
[2015-08-04T00:55:08.154Z]: RESPONSE STATUS CODE : 301
[2015-08-04T00:55:08.154Z]: RESPONSE CONTENT TYPE : text/html
[2015-08-04T00:55:08.154Z]: mfeddie responded with non-200 status 301
[2015-08-04T00:55:08.165Z]: new mfeddie called
[2015-08-04T00:55:08.297Z]: set phantom called
[2015-08-04T00:55:08.297Z]: has ph?
[2015-08-04T00:55:08.297Z]: [object Object]
[2015-08-04T00:55:08.297Z]: Creating browser instance with phantom pid 1905
[2015-08-04T00:55:12.576Z]: There are 1 instances running with these PIDs:
[2015-08-04T00:55:12.576Z]: 1905, 
[2015-08-04T00:55:14.945Z]: mf_keep_alive = 0, killing phantom process 1905
[2015-08-04T00:55:14.945Z]: Deleting browser instance with phantom pid 1905
[2015-08-04T00:55:14.946Z]: RESPONSE STATUS CODE : 301
[2015-08-04T00:55:14.946Z]: mfeddie responded with non-200 status 301
[2015-08-04T00:55:14.946Z]: RESPONSE CONTENT TYPE : text/html
[2015-08-04T00:55:14.967Z]: new mfeddie called
[2015-08-04T00:55:15.125Z]: set phantom called
[2015-08-04T00:55:15.125Z]: has ph?
[2015-08-04T00:55:15.125Z]: [object Object]
[2015-08-04T00:55:15.125Z]: Creating browser instance with phantom pid 1917
[2015-08-04T00:55:17.576Z]: There are 1 instances running with these PIDs:
[2015-08-04T00:55:17.576Z]: 1917, 
[2015-08-04T00:55:21.756Z]: mf_keep_alive = 0, killing phantom process 1917
[2015-08-04T00:55:21.756Z]: Deleting browser instance with phantom pid 1917
[2015-08-04T00:55:21.757Z]: RESPONSE STATUS CODE : 301
[2015-08-04T00:55:21.758Z]: RESPONSE CONTENT TYPE : text/html
[2015-08-04T00:55:21.758Z]: mfeddie responded with non-200 status 301
[2015-08-04T00:55:21.775Z]: new mfeddie called
[2015-08-04T00:55:21.931Z]: set phantom called
[2015-08-04T00:55:21.931Z]: has ph?
[2015-08-04T00:55:21.931Z]: [object Object]
[2015-08-04T00:55:21.931Z]: Creating browser instance with phantom pid 1935
[2015-08-04T00:55:22.577Z]: There are 1 instances running with these PIDs:
[2015-08-04T00:55:22.577Z]: 1935, 
[2015-08-04T00:55:27.578Z]: There are 1 instances running with these PIDs:
[2015-08-04T00:55:27.578Z]: 1935, 
[2015-08-04T00:55:28.527Z]: mf_keep_alive = 0, killing phantom process 1935
[2015-08-04T00:55:28.527Z]: Deleting browser instance with phantom pid 1935
[2015-08-04T00:55:28.528Z]: RESPONSE STATUS CODE : 301
[2015-08-04T00:55:28.528Z]: RESPONSE CONTENT TYPE : text/html
[2015-08-04T00:55:28.528Z]: mfeddie responded with non-200 status 301
[2015-08-04T00:55:28.546Z]: new mfeddie called
[2015-08-04T00:55:28.711Z]: set phantom called
[2015-08-04T00:55:28.711Z]: has ph?
[2015-08-04T00:55:28.711Z]: [object Object]
[2015-08-04T00:55:28.712Z]: Creating browser instance with phantom pid 1949
[2015-08-04T00:55:32.579Z]: There are 1 instances running with these PIDs:
[2015-08-04T00:55:32.580Z]: 1949, 
[2015-08-04T00:55:35.324Z]: mf_keep_alive = 0, killing phantom process 1949
[2015-08-04T00:55:35.324Z]: Deleting browser instance with phantom pid 1949
[2015-08-04T00:55:35.325Z]: RESPONSE STATUS CODE : 301
[2015-08-04T00:55:35.325Z]: RESPONSE CONTENT TYPE : text/html
[2015-08-04T00:55:35.325Z]: mfeddie responded with non-200 status 301
[2015-08-04T00:55:35.389Z]: new mfeddie called
[2015-08-04T00:55:35.542Z]: set phantom called
[2015-08-04T00:55:35.543Z]: has ph?
[2015-08-04T00:55:35.543Z]: [object Object]
[2015-08-04T00:55:35.543Z]: Creating browser instance with phantom pid 1961
[2015-08-04T00:55:37.581Z]: There are 1 instances running with these PIDs:
[2015-08-04T00:55:37.581Z]: 1961, 
[2015-08-04T00:55:42.082Z]: mf_keep_alive = 0, killing phantom process 1961
[2015-08-04T00:55:42.082Z]: Deleting browser instance with phantom pid 1961
[2015-08-04T00:55:42.083Z]: RESPONSE STATUS CODE : 301
[2015-08-04T00:55:42.083Z]: RESPONSE CONTENT TYPE : text/html
[2015-08-04T00:55:42.083Z]: mfeddie responded with non-200 status 301
[2015-08-04T00:55:42.090Z]: new mfeddie called
[2015-08-04T00:55:42.243Z]: set phantom called
[2015-08-04T00:55:42.243Z]: has ph?
[2015-08-04T00:55:42.243Z]: [object Object]
[2015-08-04T00:55:42.243Z]: Creating browser instance with phantom pid 1984
[2015-08-04T00:55:42.581Z]: There are 1 instances running with these PIDs:
[2015-08-04T00:55:42.582Z]: 1984, 
[2015-08-04T00:56:23.043Z]: log init
[2015-08-04T00:56:23.048Z]: max instances: 16
[2015-08-04T00:56:23.048Z]: 8314
[2015-08-04T00:56:25.140Z]: new mfeddie called
[2015-08-04T00:56:25.292Z]: set phantom called
[2015-08-04T00:56:25.293Z]: has ph?
[2015-08-04T00:56:25.293Z]: [object Object]
[2015-08-04T00:56:25.293Z]: Creating browser instance with phantom pid 2057
[2015-08-04T00:56:28.049Z]: There are 1 instances running with these PIDs:
[2015-08-04T00:56:28.049Z]: 2057, 
[2015-08-04T00:56:30.561Z]: request to http://waltonsun.com/events timed out.
[2015-08-04T00:56:30.562Z]: A fatal error occurred: Unknown error ocurred while opening page at http://waltonsun.com/events.  Killing phantom process 2057
[2015-08-04T00:56:30.563Z]: Deleting browser instance with phantom pid 2057
[2015-08-04T00:56:30.564Z]: RESPONSE STATUS CODE : 200
[2015-08-04T00:56:30.564Z]: RESPONSE CONTENT TYPE : application/json
[2015-08-04T00:59:02.853Z]: log init
[2015-08-04T00:59:02.857Z]: max instances: 16
[2015-08-04T00:59:02.858Z]: 8314
[2015-08-04T00:59:06.581Z]: new mfeddie called
[2015-08-04T00:59:06.735Z]: set phantom called
[2015-08-04T00:59:06.735Z]: has ph?
[2015-08-04T00:59:06.735Z]: [object Object]
[2015-08-04T00:59:06.735Z]: Creating browser instance with phantom pid 2240
[2015-08-04T00:59:07.858Z]: There are 1 instances running with these PIDs:
[2015-08-04T00:59:07.858Z]: 2240, 
[2015-08-04T00:59:12.858Z]: There are 1 instances running with these PIDs:
[2015-08-04T00:59:12.859Z]: 2240, 
[2015-08-04T00:59:13.601Z]: request to http://www.waltonsun.com/events timed out.
[2015-08-04T00:59:14.479Z]: mf_keep_alive = 0, killing phantom process 2240
[2015-08-04T00:59:14.479Z]: Deleting browser instance with phantom pid 2240
[2015-08-04T00:59:14.481Z]: RESPONSE STATUS CODE : 200
[2015-08-04T00:59:14.483Z]: RESPONSE CONTENT TYPE : text/html
[2015-08-04T01:00:09.094Z]: log init
[2015-08-04T01:00:09.098Z]: max instances: 16
[2015-08-04T01:00:09.099Z]: 8314
[2015-08-04T01:00:14.902Z]: new mfeddie called
[2015-08-04T01:00:15.050Z]: set phantom called
[2015-08-04T01:00:15.050Z]: has ph?
[2015-08-04T01:00:15.051Z]: [object Object]
[2015-08-04T01:00:15.051Z]: Creating browser instance with phantom pid 2347
[2015-08-04T01:00:19.099Z]: There are 1 instances running with these PIDs:
[2015-08-04T01:00:19.099Z]: 2347, 
[2015-08-04T01:00:21.713Z]: mf_keep_alive = 0, killing phantom process 2347
[2015-08-04T01:00:21.713Z]: Deleting browser instance with phantom pid 2347
[2015-08-04T01:00:21.714Z]: RESPONSE STATUS CODE : 200
[2015-08-04T01:00:21.714Z]: RESPONSE CONTENT TYPE : text/html
[2015-08-04T01:04:33.918Z]: log init
[2015-08-04T01:04:33.922Z]: max instances: 16
[2015-08-04T01:04:33.922Z]: 8314
[2015-08-04T01:04:41.402Z]: new mfeddie called
[2015-08-04T01:04:41.559Z]: set phantom called
[2015-08-04T01:04:41.559Z]: has ph?
[2015-08-04T01:04:41.559Z]: [object Object]
[2015-08-04T01:04:41.560Z]: Creating browser instance with phantom pid 2655
[2015-08-04T01:04:43.924Z]: There are 1 instances running with these PIDs:
[2015-08-04T01:04:43.924Z]: 2655, 
[2015-08-04T01:04:48.104Z]: mf_keep_alive = 0, killing phantom process 2655
[2015-08-04T01:04:48.104Z]: Deleting browser instance with phantom pid 2655
[2015-08-04T01:04:48.105Z]: RESPONSE STATUS CODE : 200
[2015-08-04T01:04:48.105Z]: RESPONSE CONTENT TYPE : text/html
[2015-08-04T01:04:58.568Z]: new mfeddie called
[2015-08-04T01:04:58.699Z]: set phantom called
[2015-08-04T01:04:58.699Z]: has ph?
[2015-08-04T01:04:58.699Z]: [object Object]
[2015-08-04T01:04:58.700Z]: Creating browser instance with phantom pid 2692
[2015-08-04T01:04:58.931Z]: There are 1 instances running with these PIDs:
[2015-08-04T01:04:58.931Z]: 2692, 
[2015-08-04T01:05:03.674Z]: A fatal error occurred: Gateway Timeout: request to http://waltonsun.com/events timed out before receiving any response..  Killing phantom process 2692
[2015-08-04T01:05:03.674Z]: Deleting browser instance with phantom pid 2692
[2015-08-04T01:05:03.675Z]: RESPONSE STATUS CODE : 504
[2015-08-04T01:05:03.675Z]: RESPONSE CONTENT TYPE : application/json
[2015-08-04T01:05:03.675Z]: mfeddie responded with non-200 status 504
[2015-08-04T01:05:03.676Z]: A fatal error occurred: Gateway Timeout: request to http://waltonsun.com/events timed out before receiving any response..  Killing phantom process 2692
[2015-08-04T01:05:03.676Z]: error while deleting phantom process 2692: process not found
[2015-08-04T01:05:03.676Z]: RESPONSE STATUS CODE : 500
[2015-08-04T01:05:03.676Z]: RESPONSE CONTENT TYPE : application/json
[2015-08-04T01:05:03.676Z]: mfeddie responded with non-200 status 500
[2015-08-04T01:06:00.293Z]: log init
[2015-08-04T01:06:00.298Z]: max instances: 16
[2015-08-04T01:06:00.298Z]: 8314
[2015-08-04T01:06:03.292Z]: new mfeddie called
[2015-08-04T01:06:03.446Z]: set phantom called
[2015-08-04T01:06:03.446Z]: has ph?
[2015-08-04T01:06:03.446Z]: [object Object]
[2015-08-04T01:06:03.447Z]: Creating browser instance with phantom pid 2792
[2015-08-04T01:06:05.299Z]: There are 1 instances running with these PIDs:
[2015-08-04T01:06:05.299Z]: 2792, 
[2015-08-04T01:06:08.675Z]: A fatal error occurred: Gateway Timeout: request to http://waltonsun.com/events timed out before receiving any response..  Killing phantom process 2792
[2015-08-04T01:06:08.675Z]: Deleting browser instance with phantom pid 2792
[2015-08-04T01:06:08.677Z]: RESPONSE STATUS CODE : 504
[2015-08-04T01:06:08.677Z]: RESPONSE CONTENT TYPE : application/json
[2015-08-04T01:06:08.677Z]: mfeddie responded with non-200 status 504
[2015-08-04T01:06:08.684Z]: A fatal error occurred: Gateway Timeout: request to http://waltonsun.com/events timed out before receiving any response..  Killing phantom process 2792
[2015-08-04T01:06:08.684Z]: error while deleting phantom process 2792: process not found
[2015-08-04T01:06:08.684Z]: RESPONSE STATUS CODE : 500
[2015-08-04T01:06:08.684Z]: RESPONSE CONTENT TYPE : application/json
[2015-08-04T01:06:08.684Z]: mfeddie responded with non-200 status 500
[2015-08-04T01:06:39.419Z]: new mfeddie called
[2015-08-04T01:06:39.557Z]: set phantom called
[2015-08-04T01:06:39.557Z]: has ph?
[2015-08-04T01:06:39.557Z]: [object Object]
[2015-08-04T01:06:39.557Z]: Creating browser instance with phantom pid 2844
[2015-08-04T01:06:40.327Z]: There are 1 instances running with these PIDs:
[2015-08-04T01:06:40.328Z]: 2844, 
[2015-08-04T01:06:45.330Z]: There are 1 instances running with these PIDs:
[2015-08-04T01:06:45.330Z]: 2844, 
[2015-08-04T01:06:48.675Z]: A fatal error occurred: Unknown error ocurred while opening page at http://waltonsun.com/events.  Killing phantom process 2844
[2015-08-04T01:06:48.675Z]: Deleting browser instance with phantom pid 2844
[2015-08-04T01:06:48.676Z]: RESPONSE STATUS CODE : 200
[2015-08-04T01:06:48.676Z]: RESPONSE CONTENT TYPE : application/json
[2015-08-04T01:07:32.536Z]: log init
[2015-08-04T01:07:32.541Z]: max instances: 16
[2015-08-04T01:07:32.541Z]: 8314
[2015-08-04T01:07:35.561Z]: new mfeddie called
[2015-08-04T01:07:35.707Z]: set phantom called
[2015-08-04T01:07:35.708Z]: has ph?
[2015-08-04T01:07:35.708Z]: [object Object]
[2015-08-04T01:07:35.708Z]: Creating browser instance with phantom pid 2939
[2015-08-04T01:07:37.543Z]: There are 1 instances running with these PIDs:
[2015-08-04T01:07:37.543Z]: 2939, 
[2015-08-04T01:07:42.545Z]: There are 1 instances running with these PIDs:
[2015-08-04T01:07:42.545Z]: 2939, 
[2015-08-04T01:07:45.675Z]: A fatal error occurred: Unknown error ocurred while opening page at http://waltonsun.com/events.  Killing phantom process 2939
[2015-08-04T01:07:45.675Z]: Deleting browser instance with phantom pid 2939
[2015-08-04T01:07:45.676Z]: RESPONSE STATUS CODE : 200
[2015-08-04T01:07:45.676Z]: RESPONSE CONTENT TYPE : application/json
[2015-08-04T01:09:12.913Z]: log init
[2015-08-04T01:09:12.918Z]: max instances: 16
[2015-08-04T01:09:12.918Z]: 8314
[2015-08-04T01:09:16.623Z]: new mfeddie called
[2015-08-04T01:09:16.782Z]: set phantom called
[2015-08-04T01:09:16.782Z]: has ph?
[2015-08-04T01:09:16.782Z]: [object Object]
[2015-08-04T01:09:16.782Z]: Creating browser instance with phantom pid 3069
[2015-08-04T01:09:17.918Z]: There are 1 instances running with these PIDs:
[2015-08-04T01:09:17.918Z]: 3069, 
[2015-08-04T01:09:22.919Z]: There are 1 instances running with these PIDs:
[2015-08-04T01:09:22.919Z]: 3069, 
[2015-08-04T01:09:23.349Z]: mf_keep_alive = 0, killing phantom process 3069
[2015-08-04T01:09:23.349Z]: Deleting browser instance with phantom pid 3069
[2015-08-04T01:09:23.350Z]: RESPONSE STATUS CODE : 200
[2015-08-04T01:09:23.350Z]: RESPONSE CONTENT TYPE : text/html
[2015-08-04T01:09:35.630Z]: new mfeddie called
[2015-08-04T01:09:35.760Z]: set phantom called
[2015-08-04T01:09:35.760Z]: has ph?
[2015-08-04T01:09:35.761Z]: [object Object]
[2015-08-04T01:09:35.761Z]: Creating browser instance with phantom pid 3103
[2015-08-04T01:09:37.928Z]: There are 1 instances running with these PIDs:
[2015-08-04T01:09:37.929Z]: 3103, 
[2015-08-04T01:09:42.302Z]: mf_keep_alive = 0, killing phantom process 3103
[2015-08-04T01:09:42.302Z]: Deleting browser instance with phantom pid 3103
[2015-08-04T01:09:42.302Z]: RESPONSE STATUS CODE : 200
[2015-08-04T01:09:42.302Z]: RESPONSE CONTENT TYPE : text/html
